{"total": {"lines":{"total":2120,"covered":707,"skipped":0,"pct":33.34},"statements":{"total":2149,"covered":719,"skipped":0,"pct":33.45},"functions":{"total":406,"covered":69,"skipped":0,"pct":16.99},"branches":{"total":1331,"covered":197,"skipped":0,"pct":14.8},"branchesTrue":{"total":0,"covered":0,"skipped":0,"pct":100}}
,"/home/samikshya.chand/databricks-sql-nodejs/lib/DBSQLClient.ts": {"lines":{"total":159,"covered":25,"skipped":0,"pct":15.72},"functions":{"total":28,"covered":1,"skipped":0,"pct":3.57},"statements":{"total":159,"covered":25,"skipped":0,"pct":15.72},"branches":{"total":113,"covered":0,"skipped":0,"pct":0}}
,"/home/samikshya.chand/databricks-sql-nodejs/lib/DBSQLLogger.ts": {"lines":{"total":12,"covered":3,"skipped":0,"pct":25},"functions":{"total":3,"covered":0,"skipped":0,"pct":0},"statements":{"total":12,"covered":3,"skipped":0,"pct":25},"branches":{"total":6,"covered":0,"skipped":0,"pct":0}}
,"/home/samikshya.chand/databricks-sql-nodejs/lib/DBSQLOperation.ts": {"lines":{"total":197,"covered":16,"skipped":0,"pct":8.12},"functions":{"total":27,"covered":0,"skipped":0,"pct":0},"statements":{"total":197,"covered":16,"skipped":0,"pct":8.12},"branches":{"total":191,"covered":0,"skipped":0,"pct":0}}
,"/home/samikshya.chand/databricks-sql-nodejs/lib/DBSQLParameter.ts": {"lines":{"total":33,"covered":18,"skipped":0,"pct":54.54},"functions":{"total":3,"covered":1,"skipped":0,"pct":33.33},"statements":{"total":33,"covered":18,"skipped":0,"pct":54.54},"branches":{"total":43,"covered":2,"skipped":0,"pct":4.65}}
,"/home/samikshya.chand/databricks-sql-nodejs/lib/DBSQLSession.ts": {"lines":{"total":206,"covered":21,"skipped":0,"pct":10.19},"functions":{"total":26,"covered":0,"skipped":0,"pct":0},"statements":{"total":206,"covered":21,"skipped":0,"pct":10.19},"branches":{"total":115,"covered":0,"skipped":0,"pct":0}}
,"/home/samikshya.chand/databricks-sql-nodejs/lib/polyfills.ts": {"lines":{"total":15,"covered":0,"skipped":0,"pct":0},"functions":{"total":4,"covered":0,"skipped":0,"pct":0},"statements":{"total":15,"covered":0,"skipped":0,"pct":0},"branches":{"total":14,"covered":0,"skipped":0,"pct":0}}
,"/home/samikshya.chand/databricks-sql-nodejs/lib/version.ts": {"lines":{"total":1,"covered":1,"skipped":0,"pct":100},"functions":{"total":0,"covered":0,"skipped":0,"pct":100},"statements":{"total":1,"covered":1,"skipped":0,"pct":100},"branches":{"total":0,"covered":0,"skipped":0,"pct":100}}
,"/home/samikshya.chand/databricks-sql-nodejs/lib/connection/auth/PlainHttpAuthentication.ts": {"lines":{"total":6,"covered":1,"skipped":0,"pct":16.66},"functions":{"total":2,"covered":0,"skipped":0,"pct":0},"statements":{"total":6,"covered":1,"skipped":0,"pct":16.66},"branches":{"total":20,"covered":0,"skipped":0,"pct":0}}
,"/home/samikshya.chand/databricks-sql-nodejs/lib/connection/auth/DatabricksOAuth/AuthorizationCode.ts": {"lines":{"total":72,"covered":7,"skipped":0,"pct":9.72},"functions":{"total":18,"covered":0,"skipped":0,"pct":0},"statements":{"total":72,"covered":7,"skipped":0,"pct":9.72},"branches":{"total":23,"covered":0,"skipped":0,"pct":0}}
,"/home/samikshya.chand/databricks-sql-nodejs/lib/connection/auth/DatabricksOAuth/OAuthManager.ts": {"lines":{"total":110,"covered":17,"skipped":0,"pct":15.45},"functions":{"total":26,"covered":1,"skipped":0,"pct":3.84},"statements":{"total":116,"covered":17,"skipped":0,"pct":14.65},"branches":{"total":68,"covered":2,"skipped":0,"pct":2.94}}
,"/home/samikshya.chand/databricks-sql-nodejs/lib/connection/auth/DatabricksOAuth/OAuthPersistence.ts": {"lines":{"total":4,"covered":1,"skipped":0,"pct":25},"functions":{"total":3,"covered":0,"skipped":0,"pct":0},"statements":{"total":4,"covered":1,"skipped":0,"pct":25},"branches":{"total":0,"covered":0,"skipped":0,"pct":100}}
,"/home/samikshya.chand/databricks-sql-nodejs/lib/connection/auth/DatabricksOAuth/OAuthScope.ts": {"lines":{"total":6,"covered":6,"skipped":0,"pct":100},"functions":{"total":1,"covered":1,"skipped":0,"pct":100},"statements":{"total":6,"covered":6,"skipped":0,"pct":100},"branches":{"total":2,"covered":2,"skipped":0,"pct":100}}
,"/home/samikshya.chand/databricks-sql-nodejs/lib/connection/auth/DatabricksOAuth/OAuthToken.ts": {"lines":{"total":14,"covered":1,"skipped":0,"pct":7.14},"functions":{"total":6,"covered":0,"skipped":0,"pct":0},"statements":{"total":14,"covered":1,"skipped":0,"pct":7.14},"branches":{"total":2,"covered":0,"skipped":0,"pct":0}}
,"/home/samikshya.chand/databricks-sql-nodejs/lib/connection/auth/DatabricksOAuth/index.ts": {"lines":{"total":19,"covered":5,"skipped":0,"pct":26.31},"functions":{"total":4,"covered":0,"skipped":0,"pct":0},"statements":{"total":19,"covered":5,"skipped":0,"pct":26.31},"branches":{"total":12,"covered":0,"skipped":0,"pct":0}}
,"/home/samikshya.chand/databricks-sql-nodejs/lib/connection/connections/HttpConnection.ts": {"lines":{"total":35,"covered":7,"skipped":0,"pct":20},"functions":{"total":11,"covered":0,"skipped":0,"pct":0},"statements":{"total":35,"covered":7,"skipped":0,"pct":20},"branches":{"total":40,"covered":0,"skipped":0,"pct":0}}
,"/home/samikshya.chand/databricks-sql-nodejs/lib/connection/connections/HttpRetryPolicy.ts": {"lines":{"total":37,"covered":2,"skipped":0,"pct":5.4},"functions":{"total":9,"covered":0,"skipped":0,"pct":0},"statements":{"total":38,"covered":2,"skipped":0,"pct":5.26},"branches":{"total":24,"covered":0,"skipped":0,"pct":0}}
,"/home/samikshya.chand/databricks-sql-nodejs/lib/connection/connections/NullRetryPolicy.ts": {"lines":{"total":3,"covered":1,"skipped":0,"pct":33.33},"functions":{"total":2,"covered":0,"skipped":0,"pct":0},"statements":{"total":3,"covered":1,"skipped":0,"pct":33.33},"branches":{"total":0,"covered":0,"skipped":0,"pct":100}}
,"/home/samikshya.chand/databricks-sql-nodejs/lib/connection/connections/ThriftHttpConnection.ts": {"lines":{"total":74,"covered":8,"skipped":0,"pct":10.81},"functions":{"total":20,"covered":0,"skipped":0,"pct":0},"statements":{"total":76,"covered":8,"skipped":0,"pct":10.52},"branches":{"total":33,"covered":0,"skipped":0,"pct":0}}
,"/home/samikshya.chand/databricks-sql-nodejs/lib/contracts/IDBSQLLogger.ts": {"lines":{"total":5,"covered":5,"skipped":0,"pct":100},"functions":{"total":1,"covered":1,"skipped":0,"pct":100},"statements":{"total":5,"covered":5,"skipped":0,"pct":100},"branches":{"total":2,"covered":2,"skipped":0,"pct":100}}
,"/home/samikshya.chand/databricks-sql-nodejs/lib/dto/InfoValue.ts": {"lines":{"total":14,"covered":1,"skipped":0,"pct":7.14},"functions":{"total":2,"covered":0,"skipped":0,"pct":0},"statements":{"total":14,"covered":1,"skipped":0,"pct":7.14},"branches":{"total":10,"covered":0,"skipped":0,"pct":0}}
,"/home/samikshya.chand/databricks-sql-nodejs/lib/dto/Status.ts": {"lines":{"total":15,"covered":3,"skipped":0,"pct":20},"functions":{"total":7,"covered":0,"skipped":0,"pct":0},"statements":{"total":15,"covered":3,"skipped":0,"pct":20},"branches":{"total":11,"covered":0,"skipped":0,"pct":0}}
,"/home/samikshya.chand/databricks-sql-nodejs/lib/errors/AuthenticationError.ts": {"lines":{"total":2,"covered":2,"skipped":0,"pct":100},"functions":{"total":0,"covered":0,"skipped":0,"pct":100},"statements":{"total":2,"covered":2,"skipped":0,"pct":100},"branches":{"total":0,"covered":0,"skipped":0,"pct":100}}
,"/home/samikshya.chand/databricks-sql-nodejs/lib/errors/HiveDriverError.ts": {"lines":{"total":1,"covered":1,"skipped":0,"pct":100},"functions":{"total":0,"covered":0,"skipped":0,"pct":100},"statements":{"total":1,"covered":1,"skipped":0,"pct":100},"branches":{"total":0,"covered":0,"skipped":0,"pct":100}}
,"/home/samikshya.chand/databricks-sql-nodejs/lib/errors/OperationStateError.ts": {"lines":{"total":12,"covered":9,"skipped":0,"pct":75},"functions":{"total":2,"covered":1,"skipped":0,"pct":50},"statements":{"total":12,"covered":9,"skipped":0,"pct":75},"branches":{"total":10,"covered":2,"skipped":0,"pct":20}}
,"/home/samikshya.chand/databricks-sql-nodejs/lib/errors/ParameterError.ts": {"lines":{"total":1,"covered":1,"skipped":0,"pct":100},"functions":{"total":0,"covered":0,"skipped":0,"pct":100},"statements":{"total":1,"covered":1,"skipped":0,"pct":100},"branches":{"total":0,"covered":0,"skipped":0,"pct":100}}
,"/home/samikshya.chand/databricks-sql-nodejs/lib/errors/RetryError.ts": {"lines":{"total":8,"covered":8,"skipped":0,"pct":100},"functions":{"total":2,"covered":2,"skipped":0,"pct":100},"statements":{"total":8,"covered":8,"skipped":0,"pct":100},"branches":{"total":2,"covered":2,"skipped":0,"pct":100}}
,"/home/samikshya.chand/databricks-sql-nodejs/lib/errors/StagingError.ts": {"lines":{"total":1,"covered":1,"skipped":0,"pct":100},"functions":{"total":0,"covered":0,"skipped":0,"pct":100},"statements":{"total":1,"covered":1,"skipped":0,"pct":100},"branches":{"total":0,"covered":0,"skipped":0,"pct":100}}
,"/home/samikshya.chand/databricks-sql-nodejs/lib/errors/StatusError.ts": {"lines":{"total":6,"covered":1,"skipped":0,"pct":16.66},"functions":{"total":1,"covered":0,"skipped":0,"pct":0},"statements":{"total":6,"covered":1,"skipped":0,"pct":16.66},"branches":{"total":6,"covered":0,"skipped":0,"pct":0}}
,"/home/samikshya.chand/databricks-sql-nodejs/lib/hive/HiveDriver.ts": {"lines":{"total":86,"covered":22,"skipped":0,"pct":25.58},"functions":{"total":22,"covered":0,"skipped":0,"pct":0},"statements":{"total":86,"covered":22,"skipped":0,"pct":25.58},"branches":{"total":0,"covered":0,"skipped":0,"pct":100}}
,"/home/samikshya.chand/databricks-sql-nodejs/lib/hive/Commands/BaseCommand.ts": {"lines":{"total":24,"covered":4,"skipped":0,"pct":16.66},"functions":{"total":5,"covered":0,"skipped":0,"pct":0},"statements":{"total":24,"covered":4,"skipped":0,"pct":16.66},"branches":{"total":22,"covered":0,"skipped":0,"pct":0}}
,"/home/samikshya.chand/databricks-sql-nodejs/lib/hive/Commands/CancelDelegationTokenCommand.ts": {"lines":{"total":5,"covered":3,"skipped":0,"pct":60},"functions":{"total":1,"covered":0,"skipped":0,"pct":0},"statements":{"total":5,"covered":3,"skipped":0,"pct":60},"branches":{"total":0,"covered":0,"skipped":0,"pct":100}}
,"/home/samikshya.chand/databricks-sql-nodejs/lib/hive/Commands/CancelOperationCommand.ts": {"lines":{"total":5,"covered":3,"skipped":0,"pct":60},"functions":{"total":1,"covered":0,"skipped":0,"pct":0},"statements":{"total":5,"covered":3,"skipped":0,"pct":60},"branches":{"total":0,"covered":0,"skipped":0,"pct":100}}
,"/home/samikshya.chand/databricks-sql-nodejs/lib/hive/Commands/CloseOperationCommand.ts": {"lines":{"total":5,"covered":3,"skipped":0,"pct":60},"functions":{"total":1,"covered":0,"skipped":0,"pct":0},"statements":{"total":5,"covered":3,"skipped":0,"pct":60},"branches":{"total":0,"covered":0,"skipped":0,"pct":100}}
,"/home/samikshya.chand/databricks-sql-nodejs/lib/hive/Commands/CloseSessionCommand.ts": {"lines":{"total":5,"covered":3,"skipped":0,"pct":60},"functions":{"total":1,"covered":0,"skipped":0,"pct":0},"statements":{"total":5,"covered":3,"skipped":0,"pct":60},"branches":{"total":0,"covered":0,"skipped":0,"pct":100}}
,"/home/samikshya.chand/databricks-sql-nodejs/lib/hive/Commands/ExecuteStatementCommand.ts": {"lines":{"total":5,"covered":3,"skipped":0,"pct":60},"functions":{"total":1,"covered":0,"skipped":0,"pct":0},"statements":{"total":5,"covered":3,"skipped":0,"pct":60},"branches":{"total":0,"covered":0,"skipped":0,"pct":100}}
,"/home/samikshya.chand/databricks-sql-nodejs/lib/hive/Commands/FetchResultsCommand.ts": {"lines":{"total":5,"covered":3,"skipped":0,"pct":60},"functions":{"total":1,"covered":0,"skipped":0,"pct":0},"statements":{"total":5,"covered":3,"skipped":0,"pct":60},"branches":{"total":0,"covered":0,"skipped":0,"pct":100}}
,"/home/samikshya.chand/databricks-sql-nodejs/lib/hive/Commands/GetCatalogsCommand.ts": {"lines":{"total":5,"covered":3,"skipped":0,"pct":60},"functions":{"total":1,"covered":0,"skipped":0,"pct":0},"statements":{"total":5,"covered":3,"skipped":0,"pct":60},"branches":{"total":0,"covered":0,"skipped":0,"pct":100}}
,"/home/samikshya.chand/databricks-sql-nodejs/lib/hive/Commands/GetColumnsCommand.ts": {"lines":{"total":5,"covered":3,"skipped":0,"pct":60},"functions":{"total":1,"covered":0,"skipped":0,"pct":0},"statements":{"total":5,"covered":3,"skipped":0,"pct":60},"branches":{"total":0,"covered":0,"skipped":0,"pct":100}}
,"/home/samikshya.chand/databricks-sql-nodejs/lib/hive/Commands/GetCrossReferenceCommand.ts": {"lines":{"total":5,"covered":3,"skipped":0,"pct":60},"functions":{"total":1,"covered":0,"skipped":0,"pct":0},"statements":{"total":5,"covered":3,"skipped":0,"pct":60},"branches":{"total":0,"covered":0,"skipped":0,"pct":100}}
,"/home/samikshya.chand/databricks-sql-nodejs/lib/hive/Commands/GetDelegationTokenCommand.ts": {"lines":{"total":5,"covered":3,"skipped":0,"pct":60},"functions":{"total":1,"covered":0,"skipped":0,"pct":0},"statements":{"total":5,"covered":3,"skipped":0,"pct":60},"branches":{"total":0,"covered":0,"skipped":0,"pct":100}}
,"/home/samikshya.chand/databricks-sql-nodejs/lib/hive/Commands/GetFunctionsCommand.ts": {"lines":{"total":5,"covered":3,"skipped":0,"pct":60},"functions":{"total":1,"covered":0,"skipped":0,"pct":0},"statements":{"total":5,"covered":3,"skipped":0,"pct":60},"branches":{"total":0,"covered":0,"skipped":0,"pct":100}}
,"/home/samikshya.chand/databricks-sql-nodejs/lib/hive/Commands/GetInfoCommand.ts": {"lines":{"total":5,"covered":3,"skipped":0,"pct":60},"functions":{"total":1,"covered":0,"skipped":0,"pct":0},"statements":{"total":5,"covered":3,"skipped":0,"pct":60},"branches":{"total":0,"covered":0,"skipped":0,"pct":100}}
,"/home/samikshya.chand/databricks-sql-nodejs/lib/hive/Commands/GetOperationStatusCommand.ts": {"lines":{"total":5,"covered":3,"skipped":0,"pct":60},"functions":{"total":1,"covered":0,"skipped":0,"pct":0},"statements":{"total":5,"covered":3,"skipped":0,"pct":60},"branches":{"total":0,"covered":0,"skipped":0,"pct":100}}
,"/home/samikshya.chand/databricks-sql-nodejs/lib/hive/Commands/GetPrimaryKeysCommand.ts": {"lines":{"total":5,"covered":3,"skipped":0,"pct":60},"functions":{"total":1,"covered":0,"skipped":0,"pct":0},"statements":{"total":5,"covered":3,"skipped":0,"pct":60},"branches":{"total":0,"covered":0,"skipped":0,"pct":100}}
,"/home/samikshya.chand/databricks-sql-nodejs/lib/hive/Commands/GetResultSetMetadataCommand.ts": {"lines":{"total":5,"covered":3,"skipped":0,"pct":60},"functions":{"total":1,"covered":0,"skipped":0,"pct":0},"statements":{"total":5,"covered":3,"skipped":0,"pct":60},"branches":{"total":0,"covered":0,"skipped":0,"pct":100}}
,"/home/samikshya.chand/databricks-sql-nodejs/lib/hive/Commands/GetSchemasCommand.ts": {"lines":{"total":5,"covered":3,"skipped":0,"pct":60},"functions":{"total":1,"covered":0,"skipped":0,"pct":0},"statements":{"total":5,"covered":3,"skipped":0,"pct":60},"branches":{"total":0,"covered":0,"skipped":0,"pct":100}}
,"/home/samikshya.chand/databricks-sql-nodejs/lib/hive/Commands/GetTableTypesCommand.ts": {"lines":{"total":5,"covered":3,"skipped":0,"pct":60},"functions":{"total":1,"covered":0,"skipped":0,"pct":0},"statements":{"total":5,"covered":3,"skipped":0,"pct":60},"branches":{"total":0,"covered":0,"skipped":0,"pct":100}}
,"/home/samikshya.chand/databricks-sql-nodejs/lib/hive/Commands/GetTablesCommand.ts": {"lines":{"total":5,"covered":3,"skipped":0,"pct":60},"functions":{"total":1,"covered":0,"skipped":0,"pct":0},"statements":{"total":5,"covered":3,"skipped":0,"pct":60},"branches":{"total":0,"covered":0,"skipped":0,"pct":100}}
,"/home/samikshya.chand/databricks-sql-nodejs/lib/hive/Commands/GetTypeInfoCommand.ts": {"lines":{"total":5,"covered":3,"skipped":0,"pct":60},"functions":{"total":1,"covered":0,"skipped":0,"pct":0},"statements":{"total":5,"covered":3,"skipped":0,"pct":60},"branches":{"total":0,"covered":0,"skipped":0,"pct":100}}
,"/home/samikshya.chand/databricks-sql-nodejs/lib/hive/Commands/OpenSessionCommand.ts": {"lines":{"total":5,"covered":3,"skipped":0,"pct":60},"functions":{"total":1,"covered":0,"skipped":0,"pct":0},"statements":{"total":5,"covered":3,"skipped":0,"pct":60},"branches":{"total":0,"covered":0,"skipped":0,"pct":100}}
,"/home/samikshya.chand/databricks-sql-nodejs/lib/hive/Commands/RenewDelegationTokenCommand.ts": {"lines":{"total":5,"covered":3,"skipped":0,"pct":60},"functions":{"total":1,"covered":0,"skipped":0,"pct":0},"statements":{"total":5,"covered":3,"skipped":0,"pct":60},"branches":{"total":0,"covered":0,"skipped":0,"pct":100}}
,"/home/samikshya.chand/databricks-sql-nodejs/lib/result/ArrowResultConverter.ts": {"lines":{"total":84,"covered":5,"skipped":0,"pct":5.95},"functions":{"total":11,"covered":0,"skipped":0,"pct":0},"statements":{"total":86,"covered":5,"skipped":0,"pct":5.81},"branches":{"total":93,"covered":0,"skipped":0,"pct":0}}
,"/home/samikshya.chand/databricks-sql-nodejs/lib/result/ArrowResultHandler.ts": {"lines":{"total":25,"covered":4,"skipped":0,"pct":16},"functions":{"total":4,"covered":0,"skipped":0,"pct":0},"statements":{"total":25,"covered":4,"skipped":0,"pct":16},"branches":{"total":30,"covered":0,"skipped":0,"pct":0}}
,"/home/samikshya.chand/databricks-sql-nodejs/lib/result/CloudFetchResultHandler.ts": {"lines":{"total":65,"covered":5,"skipped":0,"pct":7.69},"functions":{"total":12,"covered":0,"skipped":0,"pct":0},"statements":{"total":68,"covered":5,"skipped":0,"pct":7.35},"branches":{"total":36,"covered":0,"skipped":0,"pct":0}}
,"/home/samikshya.chand/databricks-sql-nodejs/lib/result/JsonResultHandler.ts": {"lines":{"total":31,"covered":2,"skipped":0,"pct":6.45},"functions":{"total":9,"covered":0,"skipped":0,"pct":0},"statements":{"total":31,"covered":2,"skipped":0,"pct":6.45},"branches":{"total":18,"covered":0,"skipped":0,"pct":0}}
,"/home/samikshya.chand/databricks-sql-nodejs/lib/result/ResultSlicer.ts": {"lines":{"total":32,"covered":1,"skipped":0,"pct":3.12},"functions":{"total":3,"covered":0,"skipped":0,"pct":0},"statements":{"total":32,"covered":1,"skipped":0,"pct":3.12},"branches":{"total":16,"covered":0,"skipped":0,"pct":0}}
,"/home/samikshya.chand/databricks-sql-nodejs/lib/result/RowSetProvider.ts": {"lines":{"total":42,"covered":8,"skipped":0,"pct":19.04},"functions":{"total":8,"covered":1,"skipped":0,"pct":12.5},"statements":{"total":42,"covered":8,"skipped":0,"pct":19.04},"branches":{"total":38,"covered":2,"skipped":0,"pct":5.26}}
,"/home/samikshya.chand/databricks-sql-nodejs/lib/result/utils.ts": {"lines":{"total":50,"covered":9,"skipped":0,"pct":18},"functions":{"total":9,"covered":0,"skipped":0,"pct":0},"statements":{"total":51,"covered":9,"skipped":0,"pct":17.64},"branches":{"total":81,"covered":0,"skipped":0,"pct":0}}
,"/home/samikshya.chand/databricks-sql-nodejs/lib/telemetry/CircuitBreaker.ts": {"lines":{"total":61,"covered":61,"skipped":0,"pct":100},"functions":{"total":13,"covered":13,"skipped":0,"pct":100},"statements":{"total":61,"covered":61,"skipped":0,"pct":100},"branches":{"total":16,"covered":16,"skipped":0,"pct":100}}
,"/home/samikshya.chand/databricks-sql-nodejs/lib/telemetry/DatabricksTelemetryExporter.ts": {"lines":{"total":80,"covered":77,"skipped":0,"pct":96.25},"functions":{"total":12,"covered":12,"skipped":0,"pct":100},"statements":{"total":82,"covered":79,"skipped":0,"pct":96.34},"branches":{"total":52,"covered":44,"skipped":0,"pct":84.61}}
,"/home/samikshya.chand/databricks-sql-nodejs/lib/telemetry/ExceptionClassifier.ts": {"lines":{"total":17,"covered":17,"skipped":0,"pct":100},"functions":{"total":2,"covered":2,"skipped":0,"pct":100},"statements":{"total":17,"covered":17,"skipped":0,"pct":100},"branches":{"total":29,"covered":29,"skipped":0,"pct":100}}
,"/home/samikshya.chand/databricks-sql-nodejs/lib/telemetry/FeatureFlagCache.ts": {"lines":{"total":29,"covered":29,"skipped":0,"pct":100},"functions":{"total":5,"covered":5,"skipped":0,"pct":100},"statements":{"total":29,"covered":29,"skipped":0,"pct":100},"branches":{"total":16,"covered":16,"skipped":0,"pct":100}}
,"/home/samikshya.chand/databricks-sql-nodejs/lib/telemetry/MetricsAggregator.ts": {"lines":{"total":108,"covered":102,"skipped":0,"pct":94.44},"functions":{"total":12,"covered":12,"skipped":0,"pct":100},"statements":{"total":108,"covered":102,"skipped":0,"pct":94.44},"branches":{"total":63,"covered":52,"skipped":0,"pct":82.53}}
,"/home/samikshya.chand/databricks-sql-nodejs/lib/telemetry/TelemetryClient.ts": {"lines":{"total":19,"covered":19,"skipped":0,"pct":100},"functions":{"total":4,"covered":4,"skipped":0,"pct":100},"statements":{"total":19,"covered":19,"skipped":0,"pct":100},"branches":{"total":2,"covered":2,"skipped":0,"pct":100}}
,"/home/samikshya.chand/databricks-sql-nodejs/lib/telemetry/TelemetryClientProvider.ts": {"lines":{"total":36,"covered":36,"skipped":0,"pct":100},"functions":{"total":5,"covered":5,"skipped":0,"pct":100},"statements":{"total":36,"covered":36,"skipped":0,"pct":100},"branches":{"total":8,"covered":8,"skipped":0,"pct":100}}
,"/home/samikshya.chand/databricks-sql-nodejs/lib/telemetry/TelemetryEventEmitter.ts": {"lines":{"total":38,"covered":38,"skipped":0,"pct":100},"functions":{"total":6,"covered":6,"skipped":0,"pct":100},"statements":{"total":43,"covered":43,"skipped":0,"pct":100},"branches":{"total":14,"covered":14,"skipped":0,"pct":100}}
,"/home/samikshya.chand/databricks-sql-nodejs/lib/telemetry/types.ts": {"lines":{"total":7,"covered":7,"skipped":0,"pct":100},"functions":{"total":1,"covered":1,"skipped":0,"pct":100},"statements":{"total":7,"covered":7,"skipped":0,"pct":100},"branches":{"total":2,"covered":2,"skipped":0,"pct":100}}
,"/home/samikshya.chand/databricks-sql-nodejs/lib/utils/CloseableCollection.ts": {"lines":{"total":13,"covered":1,"skipped":0,"pct":7.69},"functions":{"total":5,"covered":0,"skipped":0,"pct":0},"statements":{"total":13,"covered":1,"skipped":0,"pct":7.69},"branches":{"total":2,"covered":0,"skipped":0,"pct":0}}
,"/home/samikshya.chand/databricks-sql-nodejs/lib/utils/OperationIterator.ts": {"lines":{"total":30,"covered":2,"skipped":0,"pct":6.66},"functions":{"total":7,"covered":0,"skipped":0,"pct":0},"statements":{"total":30,"covered":2,"skipped":0,"pct":6.66},"branches":{"total":20,"covered":0,"skipped":0,"pct":0}}
,"/home/samikshya.chand/databricks-sql-nodejs/lib/utils/buildUserAgentString.ts": {"lines":{"total":15,"covered":4,"skipped":0,"pct":26.66},"functions":{"total":4,"covered":0,"skipped":0,"pct":0},"statements":{"total":15,"covered":4,"skipped":0,"pct":26.66},"branches":{"total":4,"covered":0,"skipped":0,"pct":0}}
,"/home/samikshya.chand/databricks-sql-nodejs/lib/utils/definedOrError.ts": {"lines":{"total":4,"covered":1,"skipped":0,"pct":25},"functions":{"total":1,"covered":0,"skipped":0,"pct":0},"statements":{"total":4,"covered":1,"skipped":0,"pct":25},"branches":{"total":2,"covered":0,"skipped":0,"pct":0}}
,"/home/samikshya.chand/databricks-sql-nodejs/lib/utils/formatProgress.ts": {"lines":{"total":10,"covered":2,"skipped":0,"pct":20},"functions":{"total":6,"covered":0,"skipped":0,"pct":0},"statements":{"total":12,"covered":2,"skipped":0,"pct":16.66},"branches":{"total":0,"covered":0,"skipped":0,"pct":100}}
,"/home/samikshya.chand/databricks-sql-nodejs/lib/utils/index.ts": {"lines":{"total":6,"covered":6,"skipped":0,"pct":100},"functions":{"total":1,"covered":0,"skipped":0,"pct":0},"statements":{"total":11,"covered":11,"skipped":0,"pct":100},"branches":{"total":0,"covered":0,"skipped":0,"pct":100}}
,"/home/samikshya.chand/databricks-sql-nodejs/lib/utils/lz4.ts": {"lines":{"total":16,"covered":1,"skipped":0,"pct":6.25},"functions":{"total":2,"covered":0,"skipped":0,"pct":0},"statements":{"total":16,"covered":1,"skipped":0,"pct":6.25},"branches":{"total":16,"covered":0,"skipped":0,"pct":0}}
,"/home/samikshya.chand/databricks-sql-nodejs/lib/utils/protocolVersion.ts": {"lines":{"total":19,"covered":9,"skipped":0,"pct":47.36},"functions":{"total":8,"covered":0,"skipped":0,"pct":0},"statements":{"total":19,"covered":9,"skipped":0,"pct":47.36},"branches":{"total":4,"covered":0,"skipped":0,"pct":0}}
}
