TN:
SF:lib/DBSQLClient.ts
FN:36,prependSlash
FN:43,getInitialNamespaceOptions
FN:79,(anonymous_9)
FN:86,(anonymous_10)
FN:108,(anonymous_11)
FN:115,(anonymous_12)
FN:129,(anonymous_13)
FN:193,(anonymous_14)
FN:212,(anonymous_15)
FN:225,(anonymous_16)
FN:248,(anonymous_17)
FN:260,(anonymous_18)
FN:265,(anonymous_19)
FN:270,(anonymous_20)
FN:287,(anonymous_21)
FN:313,(anonymous_22)
FN:321,(anonymous_23)
FN:325,(anonymous_24)
FN:329,(anonymous_25)
FN:337,(anonymous_26)
FN:353,(anonymous_27)
FN:357,(anonymous_28)
FNF:22
FNH:1
FNDA:0,prependSlash
FNDA:0,getInitialNamespaceOptions
FNDA:0,(anonymous_9)
FNDA:55,(anonymous_10)
FNDA:0,(anonymous_11)
FNDA:0,(anonymous_12)
FNDA:0,(anonymous_13)
FNDA:0,(anonymous_14)
FNDA:0,(anonymous_15)
FNDA:0,(anonymous_16)
FNDA:0,(anonymous_17)
FNDA:0,(anonymous_18)
FNDA:0,(anonymous_19)
FNDA:0,(anonymous_20)
FNDA:0,(anonymous_21)
FNDA:0,(anonymous_22)
FNDA:0,(anonymous_23)
FNDA:0,(anonymous_24)
FNDA:0,(anonymous_25)
FNDA:0,(anonymous_26)
FNDA:0,(anonymous_27)
FNDA:0,(anonymous_28)
DA:1,1
DA:2,1
DA:4,1
DA:6,1
DA:7,1
DA:12,1
DA:13,1
DA:16,1
DA:18,1
DA:19,1
DA:20,1
DA:21,1
DA:22,1
DA:23,1
DA:31,1
DA:32,1
DA:33,1
DA:37,0
DA:38,0
DA:40,0
DA:44,0
DA:45,0
DA:48,0
DA:58,1
DA:69,0
DA:75,0
DA:77,0
DA:80,0
DA:81,0
DA:83,0
DA:87,55
DA:109,0
DA:110,0
DA:111,0
DA:112,0
DA:116,0
DA:130,0
DA:131,0
DA:134,0
DA:137,0
DA:143,0
DA:154,0
DA:156,0
DA:166,0
DA:176,0
DA:200,0
DA:203,0
DA:204,0
DA:209,0
DA:213,0
DA:226,0
DA:227,0
DA:228,0
DA:232,0
DA:233,0
DA:238,0
DA:239,0
DA:242,0
DA:244,0
DA:246,0
DA:248,0
DA:251,0
DA:252,0
DA:253,0
DA:260,0
DA:261,0
DA:262,0
DA:265,0
DA:266,0
DA:267,0
DA:270,0
DA:271,0
DA:272,0
DA:275,0
DA:289,0
DA:292,0
DA:293,0
DA:296,0
DA:303,0
DA:304,0
DA:309,0
DA:310,0
DA:314,0
DA:316,0
DA:317,0
DA:318,0
DA:322,0
DA:326,0
DA:330,0
DA:331,0
DA:334,0
DA:338,0
DA:340,0
DA:341,0
DA:342,0
DA:345,0
DA:346,0
DA:347,0
DA:350,0
DA:354,0
DA:358,0
DA:359,0
DA:360,0
DA:362,0
DA:363,0
DA:366,0
LF:106
LH:19
BRDA:37,0,0,0
BRDA:37,0,1,0
BRDA:37,1,0,0
BRDA:37,1,1,0
BRDA:44,2,0,0
BRDA:44,2,1,0
BRDA:44,3,0,0
BRDA:44,3,1,0
BRDA:80,4,0,0
BRDA:80,4,1,0
BRDA:111,5,0,0
BRDA:111,5,1,0
BRDA:111,6,0,0
BRDA:111,6,1,0
BRDA:111,7,0,0
BRDA:111,7,1,0
BRDA:111,8,0,0
BRDA:111,8,1,0
BRDA:118,9,0,0
BRDA:118,9,1,0
BRDA:130,10,0,0
BRDA:130,10,1,0
BRDA:134,11,0,0
BRDA:134,11,1,0
BRDA:134,11,2,0
BRDA:134,11,3,0
BRDA:134,11,4,0
BRDA:134,11,5,0
BRDA:134,11,6,0
BRDA:144,12,0,0
BRDA:144,12,1,0
BRDA:203,13,0,0
BRDA:203,13,1,0
BRDA:227,14,0,0
BRDA:227,14,1,0
BRDA:232,15,0,0
BRDA:232,15,1,0
BRDA:238,16,0,0
BRDA:238,16,1,0
BRDA:251,17,0,0
BRDA:251,17,1,0
BRDA:287,18,0,0
BRDA:289,19,0,0
BRDA:289,19,1,0
BRDA:292,20,0,0
BRDA:292,20,1,0
BRDA:330,21,0,0
BRDA:330,21,1,0
BRDA:340,22,0,0
BRDA:340,22,1,0
BRDA:345,23,0,0
BRDA:345,23,1,0
BRDA:358,24,0,0
BRDA:358,24,1,0
BRF:54
BRH:0
end_of_record
TN:
SF:lib/DBSQLLogger.ts
FN:12,(anonymous_1)
FN:25,(anonymous_2)
FN:29,(anonymous_3)
FNF:3
FNH:0
FNDA:0,(anonymous_1)
FNDA:0,(anonymous_2)
FNDA:0,(anonymous_3)
DA:1,1
DA:2,1
DA:4,1
DA:13,0
DA:16,0
DA:19,0
DA:20,0
DA:21,0
DA:26,0
DA:30,0
DA:31,0
DA:32,0
LF:12
LH:3
BRDA:12,0,0,0
BRDA:12,1,0,0
BRDA:19,2,0,0
BRDA:19,2,1,0
BRDA:31,3,0,0
BRDA:31,3,1,0
BRF:6
BRH:0
end_of_record
TN:
SF:lib/DBSQLOperation.ts
FN:44,delay
FN:45,(anonymous_8)
FN:46,(anonymous_9)
FN:79,(anonymous_10)
FN:100,(anonymous_11)
FN:104,(anonymous_12)
FN:108,(anonymous_13)
FN:125,(anonymous_14)
FN:139,(anonymous_15)
FN:168,(anonymous_16)
FN:194,(anonymous_17)
FN:220,(anonymous_18)
FN:241,(anonymous_19)
FN:265,(anonymous_20)
FN:286,(anonymous_21)
FN:291,(anonymous_22)
FN:308,(anonymous_23)
FN:322,(anonymous_24)
FN:328,(anonymous_25)
FN:337,(anonymous_26)
FN:393,(anonymous_27)
FN:405,(anonymous_28)
FN:423,(anonymous_29)
FN:463,(anonymous_30)
FNF:24
FNH:0
FNDA:0,delay
FNDA:0,(anonymous_8)
FNDA:0,(anonymous_9)
FNDA:0,(anonymous_10)
FNDA:0,(anonymous_11)
FNDA:0,(anonymous_12)
FNDA:0,(anonymous_13)
FNDA:0,(anonymous_14)
FNDA:0,(anonymous_15)
FNDA:0,(anonymous_16)
FNDA:0,(anonymous_17)
FNDA:0,(anonymous_18)
FNDA:0,(anonymous_19)
FNDA:0,(anonymous_20)
FNDA:0,(anonymous_21)
FNDA:0,(anonymous_22)
FNDA:0,(anonymous_23)
FNDA:0,(anonymous_24)
FNDA:0,(anonymous_25)
FNDA:0,(anonymous_26)
FNDA:0,(anonymous_27)
FNDA:0,(anonymous_28)
FNDA:0,(anonymous_29)
FNDA:0,(anonymous_30)
DA:1,1
DA:2,1
DA:13,1
DA:23,1
DA:24,1
DA:25,1
DA:27,1
DA:28,1
DA:29,1
DA:30,1
DA:31,1
DA:32,1
DA:33,1
DA:34,1
DA:35,1
DA:45,0
DA:46,0
DA:47,0
DA:52,1
DA:63,0
DA:65,0
DA:71,0
DA:80,0
DA:81,0
DA:83,0
DA:85,0
DA:86,0
DA:89,0
DA:90,0
DA:96,0
DA:97,0
DA:101,0
DA:105,0
DA:111,0
DA:113,0
DA:114,0
DA:116,0
DA:117,0
DA:119,0
DA:122,0
DA:126,0
DA:127,0
DA:140,0
DA:142,0
DA:149,0
DA:151,0
DA:152,0
DA:154,0
DA:156,0
DA:169,0
DA:171,0
DA:172,0
DA:175,0
DA:177,0
DA:178,0
DA:194,0
DA:195,0
DA:198,0
DA:200,0
DA:204,0
DA:206,0
DA:212,0
DA:221,0
DA:222,0
DA:224,0
DA:225,0
DA:228,0
DA:229,0
DA:234,0
DA:242,0
DA:243,0
DA:246,0
DA:248,0
DA:249,0
DA:252,0
DA:253,0
DA:254,0
DA:257,0
DA:258,0
DA:266,0
DA:267,0
DA:270,0
DA:272,0
DA:274,0
DA:278,0
DA:279,0
DA:280,0
DA:282,0
DA:283,0
DA:287,0
DA:288,0
DA:293,0
DA:294,0
DA:299,0
DA:300,0
DA:304,0
DA:305,0
DA:309,0
DA:311,0
DA:312,0
DA:315,0
DA:317,0
DA:318,0
DA:319,0
DA:323,0
DA:324,0
DA:325,0
DA:329,0
DA:330,0
DA:332,0
DA:333,0
DA:338,0
DA:339,0
DA:342,0
DA:344,0
DA:346,0
DA:348,0
DA:350,0
DA:353,0
DA:358,0
DA:362,0
DA:363,0
DA:367,0
DA:368,0
DA:372,0
DA:373,0
DA:377,0
DA:379,0
DA:382,0
DA:386,0
DA:388,0
DA:395,0
DA:396,0
DA:400,0
DA:401,0
DA:405,0
DA:406,0
DA:407,0
DA:410,0
DA:411,0
DA:412,0
DA:415,0
DA:416,0
DA:419,0
DA:424,0
DA:425,0
DA:427,0
DA:430,0
DA:432,0
DA:433,0
DA:435,0
DA:440,0
DA:442,0
DA:447,0
DA:451,0
DA:452,0
DA:456,0
DA:457,0
DA:460,0
DA:464,0
DA:466,0
DA:468,0
DA:469,0
DA:472,0
DA:478,0
DA:479,0
DA:482,0
LF:167
LH:16
BRDA:83,0,0,0
BRDA:83,0,1,0
BRDA:83,1,0,0
BRDA:83,1,1,0
BRDA:85,2,0,0
BRDA:85,2,1,0
BRDA:85,3,0,0
BRDA:85,3,1,0
BRDA:85,4,0,0
BRDA:85,4,1,0
BRDA:89,5,0,0
BRDA:89,5,1,0
BRDA:89,6,0,0
BRDA:89,6,1,0
BRDA:93,7,0,0
BRDA:93,7,1,0
BRDA:93,8,0,0
BRDA:93,8,1,0
BRDA:96,9,0,0
BRDA:96,9,1,0
BRDA:96,10,0,0
BRDA:96,10,1,0
BRDA:111,11,0,0
BRDA:111,11,1,0
BRDA:111,11,2,0
BRDA:111,12,0,0
BRDA:111,12,1,0
BRDA:111,13,0,0
BRDA:111,13,1,0
BRDA:111,14,0,0
BRDA:111,14,1,0
BRDA:111,15,0,0
BRDA:111,15,1,0
BRDA:113,16,0,0
BRDA:113,16,1,0
BRDA:113,17,0,0
BRDA:113,17,1,0
BRDA:116,18,0,0
BRDA:116,18,1,0
BRDA:116,19,0,0
BRDA:116,19,1,0
BRDA:119,20,0,0
BRDA:119,20,1,0
BRDA:119,21,0,0
BRDA:119,21,1,0
BRDA:122,22,0,0
BRDA:122,22,1,0
BRDA:122,23,0,0
BRDA:122,23,1,0
BRDA:126,24,0,0
BRDA:126,24,1,0
BRDA:126,25,0,0
BRDA:126,25,1,0
BRDA:126,26,0,0
BRDA:126,26,1,0
BRDA:126,27,0,0
BRDA:126,27,1,0
BRDA:127,28,0,0
BRDA:127,28,1,0
BRDA:171,29,0,0
BRDA:171,29,1,0
BRDA:201,30,0,0
BRDA:201,30,1,0
BRDA:201,31,0,0
BRDA:201,31,1,0
BRDA:201,32,0,0
BRDA:201,32,1,0
BRDA:201,33,0,0
BRDA:201,33,1,0
BRDA:202,34,0,0
BRDA:202,34,1,0
BRDA:202,35,0,0
BRDA:202,35,1,0
BRDA:210,36,0,0
BRDA:210,36,1,0
BRDA:210,37,0,0
BRDA:210,37,1,0
BRDA:210,38,0,0
BRDA:210,38,1,0
BRDA:210,39,0,0
BRDA:210,39,1,0
BRDA:220,40,0,0
BRDA:224,41,0,0
BRDA:224,41,1,0
BRDA:242,42,0,0
BRDA:242,42,1,0
BRDA:242,43,0,0
BRDA:242,43,1,0
BRDA:257,44,0,0
BRDA:257,44,1,0
BRDA:257,45,0,0
BRDA:257,45,1,0
BRDA:266,46,0,0
BRDA:266,46,1,0
BRDA:266,47,0,0
BRDA:266,47,1,0
BRDA:274,48,0,0
BRDA:274,48,1,0
BRDA:274,49,0,0
BRDA:274,49,1,0
BRDA:282,50,0,0
BRDA:282,50,1,0
BRDA:282,51,0,0
BRDA:282,51,1,0
BRDA:293,52,0,0
BRDA:293,52,1,0
BRDA:293,53,0,0
BRDA:293,53,1,0
BRDA:299,54,0,0
BRDA:299,54,1,0
BRDA:311,55,0,0
BRDA:311,55,1,0
BRDA:319,56,0,0
BRDA:319,56,1,0
BRDA:319,57,0,0
BRDA:319,57,1,0
BRDA:329,58,0,0
BRDA:329,58,1,0
BRDA:332,59,0,0
BRDA:332,59,1,0
BRDA:338,60,0,0
BRDA:338,60,1,0
BRDA:346,61,0,0
BRDA:346,61,1,0
BRDA:346,62,0,0
BRDA:346,62,1,0
BRDA:348,63,0,0
BRDA:348,63,1,0
BRDA:348,64,0,0
BRDA:348,64,1,0
BRDA:348,65,0,0
BRDA:348,65,1,0
BRDA:353,66,0,0
BRDA:353,66,1,0
BRDA:353,66,2,0
BRDA:353,66,3,0
BRDA:353,66,4,0
BRDA:353,66,5,0
BRDA:353,66,6,0
BRDA:353,66,7,0
BRDA:353,66,8,0
BRDA:353,66,9,0
BRDA:386,67,0,0
BRDA:386,67,1,0
BRDA:395,68,0,0
BRDA:395,68,1,0
BRDA:400,69,0,0
BRDA:400,69,1,0
BRDA:427,70,0,0
BRDA:427,70,1,0
BRDA:430,71,0,0
BRDA:430,71,1,0
BRDA:430,71,2,0
BRDA:451,72,0,0
BRDA:451,72,1,0
BRDA:456,73,0,0
BRDA:456,73,1,0
BRDA:466,74,0,0
BRDA:466,74,1,0
BRDA:466,75,0,0
BRDA:466,75,1,0
BRDA:468,76,0,0
BRDA:468,76,1,0
BRDA:478,77,0,0
BRDA:478,77,1,0
BRF:165
BRH:0
end_of_record
TN:
SF:lib/DBSQLParameter.ts
FN:6,(anonymous_1)
FN:37,(anonymous_2)
FN:42,(anonymous_3)
FNF:3
FNH:1
FNDA:1,(anonymous_1)
FNDA:0,(anonymous_2)
FNDA:0,(anonymous_3)
DA:1,1
DA:2,1
DA:6,1
DA:7,1
DA:8,1
DA:9,1
DA:10,1
DA:11,1
DA:12,1
DA:13,1
DA:14,1
DA:15,1
DA:16,1
DA:17,1
DA:18,1
DA:19,1
DA:20,1
DA:32,1
DA:38,0
DA:39,0
DA:44,0
DA:45,0
DA:49,0
DA:50,0
DA:53,0
DA:54,0
DA:63,0
DA:64,0
DA:73,0
DA:74,0
DA:83,0
DA:84,0
DA:93,0
LF:33
LH:18
BRDA:6,0,0,1
BRDA:6,0,1,1
BRDA:42,1,0,0
BRDA:44,2,0,0
BRDA:44,2,1,0
BRDA:49,3,0,0
BRDA:49,3,1,0
BRDA:49,4,0,0
BRDA:49,4,1,0
BRDA:53,5,0,0
BRDA:53,5,1,0
BRDA:56,6,0,0
BRDA:56,6,1,0
BRDA:56,7,0,0
BRDA:56,7,1,0
BRDA:58,8,0,0
BRDA:58,8,1,0
BRDA:63,9,0,0
BRDA:63,9,1,0
BRDA:66,10,0,0
BRDA:66,10,1,0
BRDA:66,11,0,0
BRDA:66,11,1,0
BRDA:66,12,0,0
BRDA:66,12,1,0
BRDA:73,13,0,0
BRDA:73,13,1,0
BRDA:73,14,0,0
BRDA:73,14,1,0
BRDA:76,15,0,0
BRDA:76,15,1,0
BRDA:76,16,0,0
BRDA:76,16,1,0
BRDA:83,17,0,0
BRDA:83,17,1,0
BRDA:86,18,0,0
BRDA:86,18,1,0
BRDA:86,19,0,0
BRDA:86,19,1,0
BRDA:95,20,0,0
BRDA:95,20,1,0
BRDA:95,21,0,0
BRDA:95,21,1,0
BRF:43
BRH:2
end_of_record
TN:
SF:lib/DBSQLSession.ts
FN:52,numberToInt64
FN:67,getDirectResultsOptions
FN:79,getArrowOptions
FN:106,getQueryParameters
FN:165,(anonymous_11)
FN:169,(anonymous_12)
FN:178,(anonymous_13)
FN:191,(anonymous_14)
FN:212,(anonymous_15)
FN:261,(anonymous_16)
FN:308,(anonymous_17)
FN:330,(anonymous_18)
FN:347,(anonymous_19)
FN:383,(anonymous_20)
FN:403,(anonymous_21)
FN:423,(anonymous_22)
FN:445,(anonymous_23)
FN:469,(anonymous_24)
FN:489,(anonymous_25)
FN:513,(anonymous_26)
FN:530,(anonymous_27)
FN:553,(anonymous_28)
FN:578,(anonymous_29)
FN:601,(anonymous_30)
FN:615,(anonymous_31)
FN:621,(anonymous_32)
FNF:26
FNH:0
FNDA:0,numberToInt64
FNDA:0,getDirectResultsOptions
FNDA:0,getArrowOptions
FNDA:0,getQueryParameters
FNDA:0,(anonymous_11)
FNDA:0,(anonymous_12)
FNDA:0,(anonymous_13)
FNDA:0,(anonymous_14)
FNDA:0,(anonymous_15)
FNDA:0,(anonymous_16)
FNDA:0,(anonymous_17)
FNDA:0,(anonymous_18)
FNDA:0,(anonymous_19)
FNDA:0,(anonymous_20)
FNDA:0,(anonymous_21)
FNDA:0,(anonymous_22)
FNDA:0,(anonymous_23)
FNDA:0,(anonymous_24)
FNDA:0,(anonymous_25)
FNDA:0,(anonymous_26)
FNDA:0,(anonymous_27)
FNDA:0,(anonymous_28)
FNDA:0,(anonymous_29)
FNDA:0,(anonymous_30)
FNDA:0,(anonymous_31)
FNDA:0,(anonymous_32)
DA:1,1
DA:2,1
DA:3,1
DA:4,1
DA:5,1
DA:6,1
DA:7,1
DA:8,1
DA:31,1
DA:32,1
DA:33,1
DA:34,1
DA:35,1
DA:36,1
DA:37,1
DA:38,1
DA:39,1
DA:40,1
DA:44,1
DA:52,1
DA:53,0
DA:54,0
DA:57,0
DA:58,0
DA:59,0
DA:60,0
DA:61,0
DA:64,0
DA:68,0
DA:69,0
DA:72,0
DA:86,0
DA:88,0
DA:89,0
DA:94,0
DA:110,0
DA:111,0
DA:113,0
DA:114,0
DA:117,0
DA:118,0
DA:121,0
DA:123,0
DA:124,0
DA:125,0
DA:126,0
DA:127,0
DA:131,0
DA:132,0
DA:133,0
DA:134,0
DA:138,0
DA:147,1
DA:152,0
DA:158,0
DA:166,0
DA:170,0
DA:171,0
DA:173,0
DA:174,0
DA:175,0
DA:179,0
DA:180,0
DA:192,0
DA:193,0
DA:194,0
DA:198,0
DA:199,0
DA:200,0
DA:213,0
DA:214,0
DA:215,0
DA:217,0
DA:226,0
DA:227,0
DA:230,0
DA:231,0
DA:234,0
DA:235,0
DA:238,0
DA:239,0
DA:240,0
DA:249,0
DA:250,0
DA:251,0
DA:252,0
DA:255,0
DA:258,0
DA:268,0
DA:269,0
DA:270,0
DA:272,0
DA:275,0
DA:276,0
DA:278,0
DA:279,0
DA:281,0
DA:282,0
DA:286,0
DA:287,0
DA:291,0
DA:293,0
DA:295,0
DA:296,0
DA:298,0
DA:299,0
DA:301,0
DA:302,0
DA:304,0
DA:313,0
DA:314,0
DA:317,0
DA:318,0
DA:320,0
DA:321,0
DA:322,0
DA:325,0
DA:327,0
DA:331,0
DA:332,0
DA:334,0
DA:342,0
DA:343,0
DA:352,0
DA:353,0
DA:356,0
DA:357,0
DA:359,0
DA:360,0
DA:362,0
DA:372,0
DA:373,0
DA:384,0
DA:385,0
DA:386,0
DA:388,0
DA:393,0
DA:394,0
DA:404,0
DA:405,0
DA:406,0
DA:408,0
DA:413,0
DA:414,0
DA:424,0
DA:425,0
DA:426,0
DA:428,0
DA:435,0
DA:436,0
DA:446,0
DA:447,0
DA:448,0
DA:450,0
DA:459,0
DA:460,0
DA:470,0
DA:471,0
DA:472,0
DA:474,0
DA:479,0
DA:480,0
DA:490,0
DA:491,0
DA:492,0
DA:494,0
DA:503,0
DA:504,0
DA:514,0
DA:515,0
DA:516,0
DA:518,0
DA:526,0
DA:527,0
DA:531,0
DA:532,0
DA:533,0
DA:535,0
DA:543,0
DA:544,0
DA:554,0
DA:555,0
DA:556,0
DA:558,0
DA:569,0
DA:570,0
DA:579,0
DA:580,0
DA:584,0
DA:586,0
DA:587,0
DA:591,0
DA:594,0
DA:595,0
DA:597,0
DA:598,0
DA:602,0
DA:603,0
DA:604,0
DA:610,0
DA:612,0
DA:616,0
DA:617,0
DA:625,0
DA:626,0
DA:627,0
LF:206
LH:21
BRDA:53,0,0,0
BRDA:53,0,1,0
BRDA:57,1,0,0
BRDA:57,1,1,0
BRDA:68,2,0,0
BRDA:68,2,1,0
BRDA:74,3,0,0
BRDA:74,3,1,0
BRDA:74,4,0,0
BRDA:74,4,1,0
BRDA:86,5,0,0
BRDA:86,6,0,0
BRDA:88,7,0,0
BRDA:88,7,1,0
BRDA:88,8,0,0
BRDA:88,8,1,0
BRDA:110,9,0,0
BRDA:110,9,1,0
BRDA:111,10,0,0
BRDA:111,10,1,0
BRDA:113,11,0,0
BRDA:113,11,1,0
BRDA:113,12,0,0
BRDA:113,12,1,0
BRDA:117,13,0,0
BRDA:117,13,1,0
BRDA:117,14,0,0
BRDA:117,14,1,0
BRDA:123,15,0,0
BRDA:123,15,1,0
BRDA:126,16,0,0
BRDA:126,16,1,0
BRDA:131,17,0,0
BRDA:131,17,1,0
BRDA:133,18,0,0
BRDA:133,18,1,0
BRDA:166,19,0,0
BRDA:166,19,1,0
BRDA:179,20,0,0
BRDA:179,20,1,0
BRDA:179,21,0,0
BRDA:179,21,1,0
BRDA:179,22,0,0
BRDA:179,22,1,0
BRDA:179,23,0,0
BRDA:179,23,1,0
BRDA:180,24,0,0
BRDA:180,24,1,0
BRDA:212,25,0,0
BRDA:220,26,0,0
BRDA:220,26,1,0
BRDA:226,27,0,0
BRDA:226,27,1,0
BRDA:230,28,0,0
BRDA:230,28,1,0
BRDA:231,29,0,0
BRDA:231,29,1,0
BRDA:231,30,0,0
BRDA:231,30,1,0
BRDA:234,31,0,0
BRDA:234,31,1,0
BRDA:234,32,0,0
BRDA:234,32,1,0
BRDA:235,33,0,0
BRDA:235,33,1,0
BRDA:235,34,0,0
BRDA:235,34,1,0
BRDA:235,35,0,0
BRDA:235,35,1,0
BRDA:249,36,0,0
BRDA:249,36,1,0
BRDA:251,37,0,0
BRDA:251,37,1,0
BRDA:252,38,0,0
BRDA:252,38,1,0
BRDA:269,39,0,0
BRDA:269,39,1,0
BRDA:275,40,0,0
BRDA:275,40,1,0
BRDA:281,41,0,0
BRDA:281,41,1,0
BRDA:281,42,0,0
BRDA:281,42,1,0
BRDA:286,43,0,0
BRDA:286,43,1,0
BRDA:293,44,0,0
BRDA:293,44,1,0
BRDA:293,44,2,0
BRDA:293,44,3,0
BRDA:313,45,0,0
BRDA:313,45,1,0
BRDA:321,46,0,0
BRDA:321,46,1,0
BRDA:342,47,0,0
BRDA:342,47,1,0
BRDA:342,48,0,0
BRDA:342,48,1,0
BRDA:352,49,0,0
BRDA:352,49,1,0
BRDA:372,50,0,0
BRDA:372,50,1,0
BRDA:383,51,0,0
BRDA:403,52,0,0
BRDA:423,53,0,0
BRDA:445,54,0,0
BRDA:469,55,0,0
BRDA:489,56,0,0
BRDA:579,57,0,0
BRDA:579,57,1,0
BRDA:594,58,0,0
BRDA:594,58,1,0
BRDA:594,59,0,0
BRDA:594,59,1,0
BRDA:616,60,0,0
BRDA:616,60,1,0
BRF:115
BRH:0
end_of_record
TN:
SF:lib/polyfills.ts
FN:8,toIntegerOrInfinity
FN:20,toLength
FN:26,at
FN:48,(anonymous_3)
FNF:4
FNH:0
FNDA:0,toIntegerOrInfinity
FNDA:0,toLength
FNDA:0,at
FNDA:0,(anonymous_3)
DA:9,0
DA:12,0
DA:13,0
DA:16,0
DA:21,0
DA:22,0
DA:26,0
DA:27,0
DA:28,0
DA:29,0
DA:30,0
DA:33,0
DA:48,0
DA:49,0
DA:50,0
LF:15
LH:0
BRDA:12,0,0,0
BRDA:12,0,1,0
BRDA:13,1,0,0
BRDA:13,1,1,0
BRDA:22,2,0,0
BRDA:22,2,1,0
BRDA:29,3,0,0
BRDA:29,3,1,0
BRDA:30,4,0,0
BRDA:30,4,1,0
BRDA:30,5,0,0
BRDA:30,5,1,0
BRDA:49,6,0,0
BRDA:49,6,1,0
BRF:14
BRH:0
end_of_record
TN:
SF:lib/version.ts
FNF:0
FNH:0
DA:1,1
LF:1
LH:1
BRF:0
BRH:0
end_of_record
TN:
SF:lib/connection/auth/PlainHttpAuthentication.ts
FN:21,(anonymous_0)
FN:28,(anonymous_1)
FNF:2
FNH:0
FNDA:0,(anonymous_0)
FNDA:0,(anonymous_1)
DA:12,1
DA:22,0
DA:23,0
DA:24,0
DA:25,0
DA:29,0
LF:6
LH:1
BRDA:23,0,0,0
BRDA:23,0,1,0
BRDA:23,1,0,0
BRDA:23,1,1,0
BRDA:23,2,0,0
BRDA:23,2,1,0
BRDA:24,3,0,0
BRDA:24,3,1,0
BRDA:24,4,0,0
BRDA:24,4,1,0
BRDA:24,5,0,0
BRDA:24,5,1,0
BRDA:24,6,0,0
BRDA:24,6,1,0
BRDA:25,7,0,0
BRDA:25,7,1,0
BRDA:25,8,0,0
BRDA:25,8,1,0
BRDA:25,9,0,0
BRDA:25,9,1,0
BRF:20
BRH:0
end_of_record
TN:
SF:lib/connection/auth/DatabricksOAuth/AuthorizationCode.ts
FN:20,defaultOpenAuthUrl
FN:39,(anonymous_2)
FN:45,(anonymous_3)
FN:52,(anonymous_4)
FN:91,(anonymous_5)
FN:100,(anonymous_6)
FN:109,(anonymous_7)
FN:110,(anonymous_8)
FN:125,(anonymous_9)
FN:129,(anonymous_10)
FN:136,(anonymous_11)
FN:137,(anonymous_12)
FN:143,(anonymous_13)
FN:150,(anonymous_14)
FN:155,(anonymous_15)
FN:156,(anonymous_16)
FN:162,(anonymous_17)
FN:169,(anonymous_18)
FNF:18
FNH:0
FNDA:0,defaultOpenAuthUrl
FNDA:0,(anonymous_2)
FNDA:0,(anonymous_3)
FNDA:0,(anonymous_4)
FNDA:0,(anonymous_5)
FNDA:0,(anonymous_6)
FNDA:0,(anonymous_7)
FNDA:0,(anonymous_8)
FNDA:0,(anonymous_9)
FNDA:0,(anonymous_10)
FNDA:0,(anonymous_11)
FNDA:0,(anonymous_12)
FNDA:0,(anonymous_13)
FNDA:0,(anonymous_14)
FNDA:0,(anonymous_15)
FNDA:0,(anonymous_16)
FNDA:0,(anonymous_17)
FNDA:0,(anonymous_18)
DA:1,1
DA:2,1
DA:3,1
DA:4,1
DA:5,1
DA:7,1
DA:21,0
DA:30,1
DA:35,0
DA:40,0
DA:41,0
DA:42,0
DA:46,0
DA:47,0
DA:48,0
DA:52,0
DA:53,0
DA:54,0
DA:55,0
DA:56,0
DA:57,0
DA:58,0
DA:60,0
DA:61,0
DA:65,0
DA:66,0
DA:76,0
DA:77,0
DA:78,0
DA:80,0
DA:81,0
DA:82,0
DA:83,0
DA:85,0
DA:88,0
DA:92,0
DA:93,0
DA:94,0
DA:95,0
DA:96,0
DA:100,0
DA:101,0
DA:102,0
DA:105,0
DA:109,0
DA:110,0
DA:114,0
DA:115,0
DA:117,0
DA:122,0
DA:126,0
DA:134,0
DA:136,0
DA:137,0
DA:138,0
DA:139,0
DA:142,0
DA:143,0
DA:144,0
DA:145,0
DA:151,0
DA:152,0
DA:155,0
DA:156,0
DA:157,0
DA:158,0
DA:161,0
DA:162,0
DA:163,0
DA:164,0
DA:170,0
DA:172,0
LF:72
LH:7
BRDA:54,0,0,0
BRDA:54,0,1,0
BRDA:76,1,0,0
BRDA:76,1,1,0
BRDA:76,2,0,0
BRDA:76,2,1,0
BRDA:80,3,0,0
BRDA:80,3,1,0
BRDA:80,4,0,0
BRDA:80,4,1,0
BRDA:81,5,0,0
BRDA:81,5,1,0
BRDA:81,6,0,0
BRDA:81,6,1,0
BRDA:81,7,0,0
BRDA:81,7,1,0
BRDA:114,8,0,0
BRDA:114,8,1,0
BRDA:114,9,0,0
BRDA:114,9,1,0
BRDA:114,9,2,0
BRDA:151,10,0,0
BRDA:151,10,1,0
BRF:23
BRH:0
end_of_record
TN:
SF:lib/connection/auth/DatabricksOAuth/OAuthManager.ts
FN:10,(anonymous_1)
FN:26,getDatabricksOIDCUrl
FN:43,(anonymous_3)
FN:58,(anonymous_4)
FN:64,(anonymous_5)
FN:103,(anonymous_6)
FN:123,(anonymous_7)
FN:127,(anonymous_8)
FN:147,(anonymous_9)
FN:173,(anonymous_10)
FN:193,(anonymous_11)
FN:203,(anonymous_12)
FN:208,(anonymous_13)
FN:215,(anonymous_14)
FN:223,(anonymous_15)
FN:230,(anonymous_16)
FN:247,(anonymous_17)
FN:251,(anonymous_18)
FN:255,(anonymous_19)
FN:259,(anonymous_20)
FN:263,(anonymous_21)
FN:279,(anonymous_22)
FN:283,(anonymous_23)
FN:287,(anonymous_24)
FN:291,(anonymous_25)
FN:295,(anonymous_26)
FNF:26
FNH:1
FNDA:1,(anonymous_1)
FNDA:0,getDatabricksOIDCUrl
FNDA:0,(anonymous_3)
FNDA:0,(anonymous_4)
FNDA:0,(anonymous_5)
FNDA:0,(anonymous_6)
FNDA:0,(anonymous_7)
FNDA:0,(anonymous_8)
FNDA:0,(anonymous_9)
FNDA:0,(anonymous_10)
FNDA:0,(anonymous_11)
FNDA:0,(anonymous_12)
FNDA:0,(anonymous_13)
FNDA:0,(anonymous_14)
FNDA:0,(anonymous_15)
FNDA:0,(anonymous_16)
FNDA:0,(anonymous_17)
FNDA:0,(anonymous_18)
FNDA:0,(anonymous_19)
FNDA:0,(anonymous_20)
FNDA:0,(anonymous_21)
FNDA:0,(anonymous_22)
FNDA:0,(anonymous_23)
FNDA:0,(anonymous_24)
FNDA:0,(anonymous_25)
FNDA:0,(anonymous_26)
DA:2,1
DA:3,1
DA:4,1
DA:5,1
DA:6,1
DA:7,1
DA:10,1
DA:11,1
DA:12,1
DA:27,0
DA:28,0
DA:29,0
DA:32,1
DA:44,0
DA:45,0
DA:61,0
DA:62,0
DA:64,0
DA:68,0
DA:75,0
DA:78,0
DA:82,0
DA:87,0
DA:90,0
DA:91,0
DA:97,0
DA:100,0
DA:104,0
DA:105,0
DA:106,0
DA:107,0
DA:111,0
DA:115,0
DA:116,0
DA:117,0
DA:118,0
DA:120,0
DA:124,0
DA:128,0
DA:129,0
DA:131,0
DA:134,0
DA:135,0
DA:138,0
DA:140,0
DA:142,0
DA:148,0
DA:150,0
DA:156,0
DA:158,0
DA:160,0
DA:167,0
DA:168,0
DA:170,0
DA:174,0
DA:176,0
DA:182,0
DA:187,0
DA:188,0
DA:190,0
DA:194,0
DA:196,0
DA:198,0
DA:205,0
DA:207,0
DA:208,0
DA:209,0
DA:211,0
DA:214,0
DA:215,0
DA:216,0
DA:218,0
DA:221,0
DA:222,0
DA:223,0
DA:224,0
DA:226,0
DA:229,0
DA:230,0
DA:231,0
DA:233,0
DA:237,0
DA:242,1
DA:243,1
DA:245,1
DA:248,0
DA:252,0
DA:256,0
DA:260,0
DA:264,0
DA:266,0
DA:268,0
DA:272,1
DA:273,1
DA:275,1
DA:277,1
DA:280,0
DA:284,0
DA:288,0
DA:292,0
DA:297,0
DA:299,0
DA:301,0
DA:303,0
DA:304,0
DA:306,0
DA:307,0
DA:311,0
DA:312,0
DA:315,0
LF:110
LH:17
BRDA:10,0,0,1
BRDA:10,0,1,1
BRDA:27,1,0,0
BRDA:27,1,1,0
BRDA:28,2,0,0
BRDA:28,2,1,0
BRDA:68,3,0,0
BRDA:68,3,1,0
BRDA:90,4,0,0
BRDA:90,4,1,0
BRDA:94,5,0,0
BRDA:94,5,1,0
BRDA:104,6,0,0
BRDA:104,6,1,0
BRDA:117,7,0,0
BRDA:117,7,1,0
BRDA:117,8,0,0
BRDA:117,8,1,0
BRDA:124,9,0,0
BRDA:124,9,1,0
BRDA:124,10,0,0
BRDA:124,10,1,0
BRDA:129,11,0,0
BRDA:129,11,1,0
BRDA:138,12,0,0
BRDA:138,12,1,0
BRDA:167,13,0,0
BRDA:167,13,1,0
BRDA:187,14,0,0
BRDA:187,14,1,0
BRDA:194,15,0,0
BRDA:194,15,1,0
BRDA:209,16,0,0
BRDA:209,16,1,0
BRDA:216,17,0,0
BRDA:216,17,1,0
BRDA:221,18,0,0
BRDA:221,18,1,0
BRDA:224,19,0,0
BRDA:224,19,1,0
BRDA:231,20,0,0
BRDA:231,20,1,0
BRDA:256,21,0,0
BRDA:256,21,1,0
BRDA:256,22,0,0
BRDA:256,22,1,0
BRDA:260,23,0,0
BRDA:260,23,1,0
BRDA:260,24,0,0
BRDA:260,24,1,0
BRDA:264,25,0,0
BRDA:264,25,1,0
BRDA:288,26,0,0
BRDA:288,26,1,0
BRDA:288,27,0,0
BRDA:288,27,1,0
BRDA:292,28,0,0
BRDA:292,28,1,0
BRDA:292,29,0,0
BRDA:292,29,1,0
BRDA:297,30,0,0
BRDA:297,30,1,0
BRDA:297,31,0,0
BRDA:297,31,1,0
BRDA:301,32,0,0
BRDA:301,32,1,0
BRDA:311,33,0,0
BRDA:311,33,1,0
BRF:68
BRH:2
end_of_record
TN:
SF:lib/connection/auth/DatabricksOAuth/OAuthPersistence.ts
FN:9,(anonymous_0)
FN:12,(anonymous_1)
FN:16,(anonymous_2)
FNF:3
FNH:0
FNDA:0,(anonymous_0)
FNDA:0,(anonymous_1)
FNDA:0,(anonymous_2)
DA:9,1
DA:10,0
DA:13,0
DA:17,0
LF:4
LH:1
BRF:0
BRH:0
end_of_record
TN:
SF:lib/connection/auth/DatabricksOAuth/OAuthScope.ts
FN:1,(anonymous_0)
FNF:1
FNH:1
FNDA:1,(anonymous_0)
DA:1,1
DA:2,1
DA:3,1
DA:4,1
DA:9,1
DA:11,1
LF:6
LH:6
BRDA:1,0,0,1
BRDA:1,0,1,1
BRF:2
BRH:2
end_of_record
TN:
SF:lib/connection/auth/DatabricksOAuth/OAuthToken.ts
FN:12,(anonymous_0)
FN:18,(anonymous_1)
FN:22,(anonymous_2)
FN:26,(anonymous_3)
FN:30,(anonymous_4)
FN:43,(anonymous_5)
FNF:6
FNH:0
FNDA:0,(anonymous_0)
FNDA:0,(anonymous_1)
FNDA:0,(anonymous_2)
FNDA:0,(anonymous_3)
FNDA:0,(anonymous_4)
FNDA:0,(anonymous_5)
DA:3,1
DA:13,0
DA:14,0
DA:15,0
DA:19,0
DA:23,0
DA:27,0
DA:35,0
DA:36,0
DA:37,0
DA:38,0
DA:40,0
DA:44,0
DA:45,0
LF:14
LH:1
BRDA:35,0,0,0
BRDA:35,0,1,0
BRF:2
BRH:0
end_of_record
TN:
SF:lib/connection/auth/DatabricksOAuth/index.ts
FN:8,(anonymous_6)
FN:25,(anonymous_7)
FN:30,(anonymous_8)
FN:49,(anonymous_9)
FNF:4
FNH:0
FNDA:0,(anonymous_6)
FNDA:0,(anonymous_7)
FNDA:0,(anonymous_8)
FNDA:0,(anonymous_9)
DA:3,1
DA:4,1
DA:5,1
DA:8,1
DA:16,1
DA:23,0
DA:26,0
DA:27,0
DA:31,0
DA:33,0
DA:35,0
DA:36,0
DA:37,0
DA:40,0
DA:41,0
DA:43,0
DA:50,0
DA:51,0
DA:53,0
LF:19
LH:5
BRDA:33,0,0,0
BRDA:33,0,1,0
BRDA:33,1,0,0
BRDA:33,1,1,0
BRDA:36,2,0,0
BRDA:36,2,1,0
BRDA:37,3,0,0
BRDA:37,3,1,0
BRDA:37,4,0,0
BRDA:37,4,1,0
BRDA:50,5,0,0
BRDA:50,5,1,0
BRF:12
BRH:0
end_of_record
TN:
SF:lib/connection/auth/tokenProvider/CachedTokenProvider.ts
FN:29,(anonymous_0)
FN:39,(anonymous_1)
FN:61,(anonymous_2)
FN:68,(anonymous_3)
FN:77,(anonymous_4)
FN:93,(anonymous_5)
FNF:6
FNH:0
FNDA:0,(anonymous_0)
FNDA:0,(anonymous_1)
FNDA:0,(anonymous_2)
FNDA:0,(anonymous_3)
FNDA:0,(anonymous_4)
FNDA:0,(anonymous_5)
DA:8,1
DA:14,1
DA:19,0
DA:21,0
DA:35,0
DA:36,0
DA:41,0
DA:42,0
DA:46,0
DA:47,0
DA:51,0
DA:53,0
DA:54,0
DA:55,0
DA:57,0
DA:62,0
DA:69,0
DA:79,0
DA:80,0
DA:83,0
DA:84,0
DA:85,0
DA:87,0
DA:94,0
DA:95,0
DA:96,0
LF:26
LH:2
BRDA:36,0,0,0
BRDA:36,0,1,0
BRDA:36,1,0,0
BRDA:36,1,1,0
BRDA:36,2,0,0
BRDA:36,2,1,0
BRDA:36,3,0,0
BRDA:36,3,1,0
BRDA:41,4,0,0
BRDA:41,4,1,0
BRDA:41,5,0,0
BRDA:41,5,1,0
BRDA:46,6,0,0
BRDA:46,6,1,0
BRDA:79,7,0,0
BRDA:79,7,1,0
BRF:16
BRH:0
end_of_record
TN:
SF:lib/connection/auth/tokenProvider/ExternalTokenProvider.ts
FN:27,(anonymous_1)
FN:39,(anonymous_2)
FN:49,(anonymous_3)
FNF:3
FNH:0
FNDA:0,(anonymous_1)
FNDA:0,(anonymous_2)
FNDA:0,(anonymous_3)
DA:2,1
DA:13,1
DA:34,0
DA:35,0
DA:36,0
DA:40,0
DA:42,0
DA:43,0
DA:46,0
DA:50,0
LF:10
LH:2
BRDA:35,0,0,0
BRDA:35,0,1,0
BRDA:35,1,0,0
BRDA:35,1,1,0
BRDA:35,2,0,0
BRDA:35,2,1,0
BRDA:35,3,0,0
BRDA:35,3,1,0
BRDA:36,4,0,0
BRDA:36,4,1,0
BRDA:36,5,0,0
BRDA:36,5,1,0
BRDA:36,6,0,0
BRDA:36,6,1,0
BRDA:36,7,0,0
BRDA:36,7,1,0
BRDA:42,8,0,0
BRDA:42,8,1,0
BRF:18
BRH:0
end_of_record
TN:
SF:lib/connection/auth/tokenProvider/FederationProvider.ts
FN:52,(anonymous_1)
FN:81,(anonymous_2)
FN:95,(anonymous_3)
FN:115,(anonymous_4)
FN:124,(anonymous_5)
FN:146,(anonymous_6)
FN:154,(anonymous_7)
FN:157,(anonymous_8)
FN:206,(anonymous_9)
FN:229,(anonymous_10)
FN:240,(anonymous_11)
FN:253,(anonymous_12)
FNF:12
FNH:0
FNDA:0,(anonymous_1)
FNDA:0,(anonymous_2)
FNDA:0,(anonymous_3)
FNDA:0,(anonymous_4)
FNDA:0,(anonymous_5)
FNDA:0,(anonymous_6)
FNDA:0,(anonymous_7)
FNDA:0,(anonymous_8)
FNDA:0,(anonymous_9)
FNDA:0,(anonymous_10)
FNDA:0,(anonymous_11)
FNDA:0,(anonymous_12)
DA:1,1
DA:3,1
DA:4,1
DA:9,1
DA:14,1
DA:19,1
DA:24,1
DA:29,1
DA:34,1
DA:39,1
DA:44,1
DA:53,0
DA:54,0
DA:55,0
DA:64,1
DA:89,0
DA:90,0
DA:91,0
DA:92,0
DA:96,0
DA:99,0
DA:100,0
DA:104,0
DA:105,0
DA:107,0
DA:109,0
DA:111,0
DA:116,0
DA:125,0
DA:128,0
DA:129,0
DA:133,0
DA:134,0
DA:137,0
DA:147,0
DA:155,0
DA:156,0
DA:157,0
DA:159,0
DA:160,0
DA:169,0
DA:170,0
DA:171,0
DA:175,0
DA:178,0
DA:184,0
DA:185,0
DA:190,0
DA:191,0
DA:194,0
DA:199,0
DA:207,0
DA:214,0
DA:215,0
DA:218,0
DA:219,0
DA:221,0
DA:223,0
DA:224,0
DA:228,0
DA:229,0
DA:230,0
DA:233,0
DA:241,0
DA:242,0
DA:244,0
DA:245,0
DA:247,0
DA:254,0
DA:257,0
DA:258,0
DA:262,0
DA:263,0
DA:266,0
LF:74
LH:12
BRDA:91,0,0,0
BRDA:91,0,1,0
BRDA:91,1,0,0
BRDA:91,1,1,0
BRDA:92,2,0,0
BRDA:92,2,1,0
BRDA:92,3,0,0
BRDA:92,3,1,0
BRDA:92,4,0,0
BRDA:92,4,1,0
BRDA:92,5,0,0
BRDA:92,5,1,0
BRDA:99,6,0,0
BRDA:99,6,1,0
BRDA:107,7,0,0
BRDA:107,7,1,0
BRDA:128,8,0,0
BRDA:128,8,1,0
BRDA:133,9,0,0
BRDA:133,9,1,0
BRDA:169,10,0,0
BRDA:169,10,1,0
BRDA:184,11,0,0
BRDA:184,11,1,0
BRDA:190,12,0,0
BRDA:190,12,1,0
BRDA:195,13,0,0
BRDA:195,13,1,0
BRDA:195,14,0,0
BRDA:195,14,1,0
BRDA:214,15,0,0
BRDA:214,15,1,0
BRDA:221,16,0,0
BRDA:221,16,1,0
BRDA:223,17,0,0
BRDA:223,17,1,0
BRDA:241,18,0,0
BRDA:241,18,1,0
BRDA:244,19,0,0
BRDA:244,19,1,0
BRDA:245,20,0,0
BRDA:245,20,1,0
BRDA:257,21,0,0
BRDA:257,21,1,0
BRDA:262,22,0,0
BRDA:262,22,1,0
BRF:46
BRH:0
end_of_record
TN:
SF:lib/connection/auth/tokenProvider/StaticTokenProvider.ts
FN:16,(anonymous_1)
FN:26,(anonymous_2)
FN:36,(anonymous_3)
FN:40,(anonymous_4)
FNF:4
FNH:0
FNDA:0,(anonymous_1)
FNDA:0,(anonymous_2)
FNDA:0,(anonymous_3)
FNDA:0,(anonymous_4)
DA:2,1
DA:8,1
DA:17,0
DA:27,0
DA:28,0
DA:37,0
DA:41,0
LF:7
LH:2
BRF:0
BRH:0
end_of_record
TN:
SF:lib/connection/auth/tokenProvider/Token.ts
FN:43,(anonymous_0)
FN:54,(anonymous_1)
FN:61,(anonymous_2)
FN:68,(anonymous_3)
FN:75,(anonymous_4)
FN:82,(anonymous_5)
FN:90,(anonymous_6)
FN:104,(anonymous_7)
FN:120,(anonymous_8)
FN:148,(anonymous_9)
FNF:10
FNH:0
FNDA:0,(anonymous_0)
FNDA:0,(anonymous_1)
FNDA:0,(anonymous_2)
FNDA:0,(anonymous_3)
FNDA:0,(anonymous_4)
FNDA:0,(anonymous_5)
FNDA:0,(anonymous_6)
FNDA:0,(anonymous_7)
FNDA:0,(anonymous_8)
FNDA:0,(anonymous_9)
DA:7,1
DA:32,1
DA:44,0
DA:45,0
DA:46,0
DA:47,0
DA:48,0
DA:55,0
DA:62,0
DA:69,0
DA:76,0
DA:83,0
DA:91,0
DA:92,0
DA:94,0
DA:95,0
DA:96,0
DA:105,0
DA:123,0
DA:124,0
DA:125,0
DA:126,0
DA:127,0
DA:128,0
DA:129,0
DA:137,0
DA:149,0
LF:27
LH:2
BRDA:45,0,0,0
BRDA:45,0,1,0
BRDA:45,1,0,0
BRDA:45,1,1,0
BRDA:45,2,0,0
BRDA:45,2,1,0
BRDA:45,3,0,0
BRDA:45,3,1,0
BRDA:46,4,0,0
BRDA:46,4,1,0
BRDA:46,5,0,0
BRDA:46,5,1,0
BRDA:47,6,0,0
BRDA:47,6,1,0
BRDA:47,7,0,0
BRDA:47,7,1,0
BRDA:48,8,0,0
BRDA:48,8,1,0
BRDA:48,9,0,0
BRDA:48,9,1,0
BRDA:91,10,0,0
BRDA:91,10,1,0
BRDA:125,11,0,0
BRDA:125,11,1,0
BRDA:128,12,0,0
BRDA:128,12,1,0
BRDA:138,13,0,0
BRDA:138,13,1,0
BRDA:138,14,0,0
BRDA:138,14,1,0
BRDA:140,15,0,0
BRDA:140,15,1,0
BRDA:140,16,0,0
BRDA:140,16,1,0
BRDA:141,17,0,0
BRDA:141,17,1,0
BRDA:141,18,0,0
BRDA:141,18,1,0
BRDA:152,19,0,0
BRDA:152,19,1,0
BRDA:152,20,0,0
BRDA:152,20,1,0
BRF:42
BRH:0
end_of_record
TN:
SF:lib/connection/auth/tokenProvider/TokenProviderAuthenticator.ts
FN:24,(anonymous_0)
FN:30,(anonymous_1)
FNF:2
FNH:0
FNDA:0,(anonymous_0)
FNDA:0,(anonymous_1)
DA:5,1
DA:11,1
DA:25,0
DA:26,0
DA:27,0
DA:31,0
DA:32,0
DA:34,0
DA:36,0
DA:38,0
DA:39,0
DA:44,0
DA:46,0
DA:47,0
DA:48,0
DA:49,0
DA:53,0
LF:17
LH:2
BRDA:27,0,0,0
BRDA:27,0,1,0
BRDA:27,1,0,0
BRDA:27,1,1,0
BRDA:38,2,0,0
BRDA:38,2,1,0
BRDA:46,3,0,0
BRDA:46,3,1,0
BRF:8
BRH:0
end_of_record
TN:
SF:lib/connection/auth/tokenProvider/index.ts
FN:2,(anonymous_1)
FN:3,(anonymous_2)
FN:4,(anonymous_3)
FN:5,(anonymous_4)
FN:6,(anonymous_5)
FN:7,(anonymous_6)
FN:8,(anonymous_7)
FN:8,(anonymous_8)
FN:8,(anonymous_9)
FNF:9
FNH:0
FNDA:0,(anonymous_1)
FNDA:0,(anonymous_2)
FNDA:0,(anonymous_3)
FNDA:0,(anonymous_4)
FNDA:0,(anonymous_5)
FNDA:0,(anonymous_6)
FNDA:0,(anonymous_7)
FNDA:0,(anonymous_8)
FNDA:0,(anonymous_9)
DA:2,1
DA:3,1
DA:4,1
DA:5,1
DA:6,1
DA:7,1
DA:8,1
LF:7
LH:7
BRF:0
BRH:0
end_of_record
TN:
SF:lib/connection/auth/tokenProvider/utils.ts
FN:8,decodeJWT
FN:27,getJWTIssuer
FN:42,extractHostname
FN:67,isSameHost
FNF:4
FNH:0
FNDA:0,decodeJWT
FNDA:0,getJWTIssuer
FNDA:0,extractHostname
FNDA:0,isSameHost
DA:8,1
DA:9,0
DA:10,0
DA:11,0
DA:12,0
DA:14,0
DA:15,0
DA:17,0
DA:27,1
DA:28,0
DA:29,0
DA:30,0
DA:32,0
DA:44,0
DA:45,0
DA:46,0
DA:50,0
DA:51,0
DA:52,0
DA:56,0
DA:67,1
DA:68,0
DA:69,0
DA:70,0
DA:72,0
DA:73,0
DA:75,0
DA:77,0
LF:28
LH:3
BRDA:11,0,0,0
BRDA:11,0,1,0
BRDA:29,1,0,0
BRDA:29,1,1,0
BRDA:29,2,0,0
BRDA:29,2,1,0
BRDA:44,3,0,0
BRDA:44,3,1,0
BRDA:51,4,0,0
BRDA:51,4,1,0
BRDA:72,5,0,0
BRDA:72,5,1,0
BRDA:72,6,0,0
BRDA:72,6,1,0
BRF:14
BRH:0
end_of_record
TN:
SF:lib/connection/connections/HttpConnection.ts
FN:26,(anonymous_1)
FN:31,(anonymous_2)
FN:39,(anonymous_3)
FN:51,(anonymous_4)
FN:62,(anonymous_5)
FN:67,(anonymous_6)
FN:79,(anonymous_7)
FN:87,(anonymous_8)
FN:93,(anonymous_9)
FN:106,(anonymous_10)
FN:122,(anonymous_11)
FNF:11
FNH:0
FNDA:0,(anonymous_1)
FNDA:0,(anonymous_2)
FNDA:0,(anonymous_3)
FNDA:0,(anonymous_4)
FNDA:0,(anonymous_5)
FNDA:0,(anonymous_6)
FNDA:0,(anonymous_7)
FNDA:0,(anonymous_8)
FNDA:0,(anonymous_9)
FNDA:0,(anonymous_10)
FNDA:0,(anonymous_11)
DA:1,1
DA:2,1
DA:3,1
DA:5,1
DA:11,1
DA:13,1
DA:15,1
DA:20,0
DA:27,0
DA:28,0
DA:32,0
DA:33,0
DA:40,0
DA:41,0
DA:42,0
DA:44,0
DA:48,0
DA:52,0
DA:54,0
DA:63,0
DA:64,0
DA:68,0
DA:76,0
DA:80,0
DA:83,0
DA:85,0
DA:87,0
DA:94,0
DA:95,0
DA:96,0
DA:97,0
DA:99,0
DA:106,0
DA:119,0
DA:123,0
LF:35
LH:7
BRDA:33,0,0,0
BRDA:33,0,1,0
BRDA:33,1,0,0
BRDA:33,1,1,0
BRDA:40,2,0,0
BRDA:40,2,1,0
BRDA:41,3,0,0
BRDA:41,3,1,0
BRDA:44,4,0,0
BRDA:44,4,1,0
BRDA:58,5,0,0
BRDA:58,5,1,0
BRDA:58,6,0,0
BRDA:58,6,1,0
BRDA:80,7,0,0
BRDA:80,7,1,0
BRDA:80,8,0,0
BRDA:80,8,1,0
BRDA:80,9,0,0
BRDA:80,9,1,0
BRDA:81,10,0,0
BRDA:81,10,1,0
BRDA:81,11,0,0
BRDA:81,11,1,0
BRDA:81,12,0,0
BRDA:81,12,1,0
BRDA:81,13,0,0
BRDA:81,13,1,0
BRDA:94,14,0,0
BRDA:94,14,1,0
BRDA:101,15,0,0
BRDA:101,15,1,0
BRDA:102,16,0,0
BRDA:102,16,1,0
BRDA:102,17,0,0
BRDA:102,17,1,0
BRDA:110,18,0,0
BRDA:110,18,1,0
BRDA:110,19,0,0
BRDA:110,19,1,0
BRF:40
BRH:0
end_of_record
TN:
SF:lib/connection/connections/HttpRetryPolicy.ts
FN:6,delay
FN:7,(anonymous_7)
FN:8,(anonymous_8)
FN:19,(anonymous_9)
FN:25,(anonymous_10)
FN:57,(anonymous_11)
FN:68,(anonymous_12)
FN:82,(anonymous_13)
FN:98,(anonymous_14)
FNF:9
FNH:0
FNDA:0,delay
FNDA:0,(anonymous_7)
FNDA:0,(anonymous_8)
FNDA:0,(anonymous_9)
FNDA:0,(anonymous_10)
FNDA:0,(anonymous_11)
FNDA:0,(anonymous_12)
FNDA:0,(anonymous_13)
FNDA:0,(anonymous_14)
DA:4,1
DA:7,0
DA:8,0
DA:12,1
DA:20,0
DA:21,0
DA:22,0
DA:26,0
DA:27,0
DA:30,0
DA:31,0
DA:32,0
DA:35,0
DA:38,0
DA:39,0
DA:40,0
DA:44,0
DA:45,0
DA:51,0
DA:54,0
DA:58,0
DA:59,0
DA:60,0
DA:61,0
DA:62,0
DA:64,0
DA:69,0
DA:73,0
DA:79,0
DA:88,0
DA:89,0
DA:90,0
DA:91,0
DA:92,0
DA:95,0
DA:99,0
DA:100,0
LF:37
LH:2
BRDA:26,0,0,0
BRDA:26,0,1,0
BRDA:31,1,0,0
BRDA:31,1,1,0
BRDA:39,2,0,0
BRDA:39,2,1,0
BRDA:47,3,0,0
BRDA:47,3,1,0
BRDA:47,4,0,0
BRDA:47,4,1,0
BRDA:61,5,0,0
BRDA:61,5,1,0
BRDA:73,6,0,0
BRDA:73,6,1,0
BRDA:73,6,2,0
BRDA:73,6,3,0
BRDA:88,7,0,0
BRDA:88,7,1,0
BRDA:89,8,0,0
BRDA:89,8,1,0
BRDA:91,9,0,0
BRDA:91,9,1,0
BRDA:91,10,0,0
BRDA:91,10,1,0
BRF:24
BRH:0
end_of_record
TN:
SF:lib/connection/connections/NullRetryPolicy.ts
FN:5,(anonymous_0)
FN:9,(anonymous_1)
FNF:2
FNH:0
FNDA:0,(anonymous_0)
FNDA:0,(anonymous_1)
DA:3,1
DA:6,0
DA:11,0
LF:3
LH:1
BRF:0
BRH:0
end_of_record
TN:
SF:lib/connection/connections/ThriftHttpConnection.ts
FN:21,(anonymous_7)
FN:86,(anonymous_8)
FN:95,(anonymous_9)
FN:104,(anonymous_10)
FN:111,(anonymous_11)
FN:125,(anonymous_12)
FN:126,(anonymous_13)
FN:127,(anonymous_14)
FN:129,(anonymous_15)
FN:133,(anonymous_16)
FN:140,(anonymous_17)
FN:141,(anonymous_18)
FN:143,(anonymous_19)
FN:153,(anonymous_20)
FN:167,(anonymous_21)
FN:168,(anonymous_22)
FN:170,(anonymous_23)
FN:184,(anonymous_24)
FN:198,(anonymous_25)
FN:203,(anonymous_26)
FNF:20
FNH:0
FNDA:0,(anonymous_7)
FNDA:0,(anonymous_8)
FNDA:0,(anonymous_9)
FNDA:0,(anonymous_10)
FNDA:0,(anonymous_11)
FNDA:0,(anonymous_12)
FNDA:0,(anonymous_13)
FNDA:0,(anonymous_14)
FNDA:0,(anonymous_15)
FNDA:0,(anonymous_16)
FNDA:0,(anonymous_17)
FNDA:0,(anonymous_18)
FNDA:0,(anonymous_19)
FNDA:0,(anonymous_20)
FNDA:0,(anonymous_21)
FNDA:0,(anonymous_22)
FNDA:0,(anonymous_23)
FNDA:0,(anonymous_24)
FNDA:0,(anonymous_25)
FNDA:0,(anonymous_26)
DA:7,1
DA:8,1
DA:9,1
DA:11,1
DA:14,1
DA:16,1
DA:22,0
DA:26,0
DA:27,0
DA:52,1
DA:70,1
DA:87,0
DA:88,0
DA:89,0
DA:90,0
DA:91,0
DA:92,0
DA:97,0
DA:98,0
DA:101,0
DA:105,0
DA:112,0
DA:124,0
DA:125,0
DA:127,0
DA:128,0
DA:129,0
DA:131,0
DA:134,0
DA:135,0
DA:138,0
DA:141,0
DA:144,0
DA:145,0
DA:146,0
DA:153,0
DA:154,0
DA:157,0
DA:158,0
DA:159,0
DA:160,0
DA:162,0
DA:168,0
DA:169,0
DA:170,0
DA:171,0
DA:172,0
DA:173,0
DA:174,0
DA:177,0
DA:179,0
DA:185,0
DA:186,0
DA:189,0
DA:190,0
DA:191,0
DA:193,0
DA:194,0
DA:195,0
DA:196,0
DA:198,0
DA:199,0
DA:200,0
DA:201,0
DA:202,0
DA:203,0
DA:204,0
DA:209,0
DA:210,0
DA:212,0
DA:213,0
DA:220,0
DA:221,0
DA:223,0
LF:74
LH:8
BRDA:86,0,0,0
BRDA:91,1,0,0
BRDA:91,1,1,0
BRDA:91,2,0,0
BRDA:91,2,1,0
BRDA:92,3,0,0
BRDA:92,3,1,0
BRDA:92,4,0,0
BRDA:92,4,1,0
BRDA:97,5,0,0
BRDA:97,5,1,0
BRDA:97,6,0,0
BRDA:97,6,1,0
BRDA:134,7,0,0
BRDA:134,7,1,0
BRDA:144,8,0,0
BRDA:144,8,1,0
BRDA:145,9,0,0
BRDA:145,9,1,0
BRDA:157,10,0,0
BRDA:157,10,1,0
BRDA:158,11,0,0
BRDA:158,11,1,0
BRDA:158,12,0,0
BRDA:158,12,1,0
BRDA:185,13,0,0
BRDA:185,13,1,0
BRDA:202,14,0,0
BRDA:202,14,1,0
BRDA:209,15,0,0
BRDA:209,15,1,0
BRDA:220,16,0,0
BRDA:220,16,1,0
BRF:33
BRH:0
end_of_record
TN:
SF:lib/contracts/IDBSQLLogger.ts
FN:10,(anonymous_0)
FNF:1
FNH:1
FNDA:1,(anonymous_0)
DA:10,1
DA:11,1
DA:12,1
DA:13,1
DA:14,1
LF:5
LH:5
BRDA:10,0,0,1
BRDA:10,0,1,1
BRF:2
BRH:2
end_of_record
TN:
SF:lib/dto/InfoValue.ts
FN:9,(anonymous_0)
FN:13,(anonymous_1)
FNF:2
FNH:0
FNDA:0,(anonymous_0)
FNDA:0,(anonymous_1)
DA:6,1
DA:10,0
DA:14,0
DA:16,0
DA:17,0
DA:19,0
DA:20,0
DA:22,0
DA:23,0
DA:25,0
DA:26,0
DA:28,0
DA:29,0
DA:31,0
LF:14
LH:1
BRDA:16,0,0,0
BRDA:16,0,1,0
BRDA:19,1,0,0
BRDA:19,1,1,0
BRDA:22,2,0,0
BRDA:22,2,1,0
BRDA:25,3,0,0
BRDA:25,3,1,0
BRDA:28,4,0,0
BRDA:28,4,1,0
BRF:10
BRH:0
end_of_record
TN:
SF:lib/dto/Status.ts
FN:7,(anonymous_1)
FN:11,(anonymous_2)
FN:16,(anonymous_3)
FN:21,(anonymous_4)
FN:26,(anonymous_5)
FN:30,(anonymous_6)
FN:37,(anonymous_7)
FNF:7
FNH:0
FNDA:0,(anonymous_1)
FNDA:0,(anonymous_2)
FNDA:0,(anonymous_3)
FNDA:0,(anonymous_4)
FNDA:0,(anonymous_5)
FNDA:0,(anonymous_6)
FNDA:0,(anonymous_7)
DA:1,1
DA:2,1
DA:4,1
DA:8,0
DA:12,0
DA:13,0
DA:17,0
DA:18,0
DA:22,0
DA:23,0
DA:27,0
DA:31,0
DA:32,0
DA:33,0
DA:38,0
LF:15
LH:3
BRDA:13,0,0,0
BRDA:13,0,1,0
BRDA:23,1,0,0
BRDA:23,1,1,0
BRDA:27,2,0,0
BRDA:27,2,1,0
BRDA:32,3,0,0
BRDA:32,3,1,0
BRDA:37,4,0,0
BRDA:39,5,0,0
BRDA:39,5,1,0
BRF:11
BRH:0
end_of_record
TN:
SF:lib/errors/AuthenticationError.ts
FNF:0
FNH:0
DA:1,1
DA:3,1
LF:2
LH:2
BRF:0
BRH:0
end_of_record
TN:
SF:lib/errors/HiveDriverError.ts
FNF:0
FNH:0
DA:1,1
LF:1
LH:1
BRF:0
BRH:0
end_of_record
TN:
SF:lib/errors/OperationStateError.ts
FN:4,(anonymous_1)
FN:25,(anonymous_2)
FNF:2
FNH:1
FNDA:1,(anonymous_1)
FNDA:0,(anonymous_2)
DA:1,1
DA:4,1
DA:5,1
DA:6,1
DA:7,1
DA:8,1
DA:9,1
DA:12,1
DA:20,1
DA:26,0
DA:28,0
DA:29,0
LF:12
LH:9
BRDA:4,0,0,1
BRDA:4,0,1,1
BRDA:26,1,0,0
BRDA:26,1,1,0
BRDA:26,2,0,0
BRDA:26,2,1,0
BRDA:26,3,0,0
BRDA:26,3,1,0
BRDA:26,4,0,0
BRDA:26,4,1,0
BRF:10
BRH:2
end_of_record
TN:
SF:lib/errors/ParameterError.ts
FNF:0
FNH:0
DA:1,1
LF:1
LH:1
BRF:0
BRH:0
end_of_record
TN:
SF:lib/errors/RetryError.ts
FN:1,(anonymous_0)
FN:16,(anonymous_1)
FNF:2
FNH:1
FNDA:1,(anonymous_0)
FNDA:0,(anonymous_1)
DA:1,1
DA:2,1
DA:3,1
DA:6,1
DA:11,1
DA:17,0
DA:18,0
DA:19,0
LF:8
LH:5
BRDA:1,0,0,1
BRDA:1,0,1,1
BRF:2
BRH:2
end_of_record
TN:
SF:lib/errors/StagingError.ts
FNF:0
FNH:0
DA:1,1
LF:1
LH:1
BRF:0
BRH:0
end_of_record
TN:
SF:lib/errors/StatusError.ts
FN:12,(anonymous_0)
FNF:1
FNH:0
FNDA:0,(anonymous_0)
DA:3,1
DA:13,0
DA:14,0
DA:15,0
DA:17,0
DA:18,0
LF:6
LH:1
BRDA:14,0,0,0
BRDA:14,0,1,0
BRDA:15,1,0,0
BRDA:15,1,1,0
BRDA:17,2,0,0
BRDA:17,2,1,0
BRF:6
BRH:0
end_of_record
TN:
SF:lib/hive/HiveDriver.ts
FN:55,(anonymous_1)
FN:59,(anonymous_2)
FN:65,(anonymous_3)
FN:71,(anonymous_4)
FN:77,(anonymous_5)
FN:83,(anonymous_6)
FN:89,(anonymous_7)
FN:95,(anonymous_8)
FN:101,(anonymous_9)
FN:107,(anonymous_10)
FN:113,(anonymous_11)
FN:119,(anonymous_12)
FN:125,(anonymous_13)
FN:131,(anonymous_14)
FN:137,(anonymous_15)
FN:143,(anonymous_16)
FN:149,(anonymous_17)
FN:155,(anonymous_18)
FN:161,(anonymous_19)
FN:167,(anonymous_20)
FN:173,(anonymous_21)
FN:179,(anonymous_22)
FNF:22
FNH:0
FNDA:0,(anonymous_1)
FNDA:0,(anonymous_2)
FNDA:0,(anonymous_3)
FNDA:0,(anonymous_4)
FNDA:0,(anonymous_5)
FNDA:0,(anonymous_6)
FNDA:0,(anonymous_7)
FNDA:0,(anonymous_8)
FNDA:0,(anonymous_9)
FNDA:0,(anonymous_10)
FNDA:0,(anonymous_11)
FNDA:0,(anonymous_12)
FNDA:0,(anonymous_13)
FNDA:0,(anonymous_14)
FNDA:0,(anonymous_15)
FNDA:0,(anonymous_16)
FNDA:0,(anonymous_17)
FNDA:0,(anonymous_18)
FNDA:0,(anonymous_19)
FNDA:0,(anonymous_20)
FNDA:0,(anonymous_21)
FNDA:0,(anonymous_22)
DA:24,1
DA:25,1
DA:26,1
DA:27,1
DA:28,1
DA:29,1
DA:30,1
DA:31,1
DA:32,1
DA:33,1
DA:34,1
DA:35,1
DA:36,1
DA:37,1
DA:38,1
DA:39,1
DA:40,1
DA:41,1
DA:42,1
DA:43,1
DA:44,1
DA:52,1
DA:56,0
DA:60,0
DA:61,0
DA:62,0
DA:66,0
DA:67,0
DA:68,0
DA:72,0
DA:73,0
DA:74,0
DA:78,0
DA:79,0
DA:80,0
DA:84,0
DA:85,0
DA:86,0
DA:90,0
DA:91,0
DA:92,0
DA:96,0
DA:97,0
DA:98,0
DA:102,0
DA:103,0
DA:104,0
DA:108,0
DA:109,0
DA:110,0
DA:114,0
DA:115,0
DA:116,0
DA:120,0
DA:121,0
DA:122,0
DA:126,0
DA:127,0
DA:128,0
DA:132,0
DA:133,0
DA:134,0
DA:138,0
DA:139,0
DA:140,0
DA:144,0
DA:145,0
DA:146,0
DA:150,0
DA:151,0
DA:152,0
DA:156,0
DA:157,0
DA:158,0
DA:162,0
DA:163,0
DA:164,0
DA:168,0
DA:169,0
DA:170,0
DA:174,0
DA:175,0
DA:176,0
DA:180,0
DA:181,0
DA:182,0
LF:86
LH:22
BRF:0
BRH:0
end_of_record
TN:
SF:lib/hive/Commands/BaseCommand.ts
FN:11,(anonymous_7)
FN:16,(anonymous_8)
FN:49,(anonymous_9)
FN:56,(anonymous_10)
FN:58,(anonymous_11)
FNF:5
FNH:0
FNDA:0,(anonymous_7)
FNDA:0,(anonymous_8)
FNDA:0,(anonymous_9)
FNDA:0,(anonymous_10)
FNDA:0,(anonymous_11)
DA:1,1
DA:2,1
DA:3,1
DA:6,1
DA:12,0
DA:13,0
DA:17,0
DA:18,0
DA:20,0
DA:22,0
DA:28,0
DA:31,0
DA:33,0
DA:37,0
DA:45,0
DA:50,0
DA:51,0
DA:56,0
DA:57,0
DA:58,0
DA:59,0
DA:60,0
DA:62,0
DA:66,0
LF:24
LH:4
BRDA:20,0,0,0
BRDA:20,0,1,0
BRDA:22,1,0,0
BRDA:22,1,1,0
BRDA:23,2,0,0
BRDA:23,2,1,0
BRDA:23,2,2,0
BRDA:23,2,3,0
BRDA:31,3,0,0
BRDA:31,3,1,0
BRDA:34,4,0,0
BRDA:34,4,1,0
BRDA:34,5,0,0
BRDA:34,5,1,0
BRDA:38,6,0,0
BRDA:38,6,1,0
BRDA:38,7,0,0
BRDA:38,7,1,0
BRDA:50,8,0,0
BRDA:50,8,1,0
BRDA:59,9,0,0
BRDA:59,9,1,0
BRF:22
BRH:0
end_of_record
TN:
SF:lib/hive/Commands/CancelDelegationTokenCommand.ts
FN:8,(anonymous_1)
FNF:1
FNH:0
FNDA:0,(anonymous_1)
DA:1,1
DA:2,1
DA:7,1
DA:9,0
DA:11,0
LF:5
LH:3
BRF:0
BRH:0
end_of_record
TN:
SF:lib/hive/Commands/CancelOperationCommand.ts
FN:8,(anonymous_1)
FNF:1
FNH:0
FNDA:0,(anonymous_1)
DA:1,1
DA:2,1
DA:7,1
DA:9,0
DA:11,0
LF:5
LH:3
BRF:0
BRH:0
end_of_record
TN:
SF:lib/hive/Commands/CloseOperationCommand.ts
FN:8,(anonymous_1)
FNF:1
FNH:0
FNDA:0,(anonymous_1)
DA:1,1
DA:2,1
DA:7,1
DA:9,0
DA:11,0
LF:5
LH:3
BRF:0
BRH:0
end_of_record
TN:
SF:lib/hive/Commands/CloseSessionCommand.ts
FN:8,(anonymous_1)
FNF:1
FNH:0
FNDA:0,(anonymous_1)
DA:1,1
DA:2,1
DA:7,1
DA:9,0
DA:11,0
LF:5
LH:3
BRF:0
BRH:0
end_of_record
TN:
SF:lib/hive/Commands/ExecuteStatementCommand.ts
FN:8,(anonymous_1)
FNF:1
FNH:0
FNDA:0,(anonymous_1)
DA:1,1
DA:2,1
DA:7,1
DA:9,0
DA:11,0
LF:5
LH:3
BRF:0
BRH:0
end_of_record
TN:
SF:lib/hive/Commands/FetchResultsCommand.ts
FN:11,(anonymous_1)
FNF:1
FNH:0
FNDA:0,(anonymous_1)
DA:1,1
DA:2,1
DA:10,1
DA:12,0
DA:14,0
LF:5
LH:3
BRF:0
BRH:0
end_of_record
TN:
SF:lib/hive/Commands/GetCatalogsCommand.ts
FN:8,(anonymous_1)
FNF:1
FNH:0
FNDA:0,(anonymous_1)
DA:1,1
DA:2,1
DA:7,1
DA:9,0
DA:11,0
LF:5
LH:3
BRF:0
BRH:0
end_of_record
TN:
SF:lib/hive/Commands/GetColumnsCommand.ts
FN:8,(anonymous_1)
FNF:1
FNH:0
FNDA:0,(anonymous_1)
DA:1,1
DA:2,1
DA:7,1
DA:9,0
DA:11,0
LF:5
LH:3
BRF:0
BRH:0
end_of_record
TN:
SF:lib/hive/Commands/GetCrossReferenceCommand.ts
FN:8,(anonymous_1)
FNF:1
FNH:0
FNDA:0,(anonymous_1)
DA:1,1
DA:2,1
DA:7,1
DA:9,0
DA:11,0
LF:5
LH:3
BRF:0
BRH:0
end_of_record
TN:
SF:lib/hive/Commands/GetDelegationTokenCommand.ts
FN:8,(anonymous_1)
FNF:1
FNH:0
FNDA:0,(anonymous_1)
DA:1,1
DA:2,1
DA:7,1
DA:9,0
DA:11,0
LF:5
LH:3
BRF:0
BRH:0
end_of_record
TN:
SF:lib/hive/Commands/GetFunctionsCommand.ts
FN:8,(anonymous_1)
FNF:1
FNH:0
FNDA:0,(anonymous_1)
DA:1,1
DA:2,1
DA:7,1
DA:9,0
DA:11,0
LF:5
LH:3
BRF:0
BRH:0
end_of_record
TN:
SF:lib/hive/Commands/GetInfoCommand.ts
FN:8,(anonymous_1)
FNF:1
FNH:0
FNDA:0,(anonymous_1)
DA:1,1
DA:2,1
DA:7,1
DA:9,0
DA:11,0
LF:5
LH:3
BRF:0
BRH:0
end_of_record
TN:
SF:lib/hive/Commands/GetOperationStatusCommand.ts
FN:8,(anonymous_1)
FNF:1
FNH:0
FNDA:0,(anonymous_1)
DA:1,1
DA:2,1
DA:7,1
DA:9,0
DA:11,0
LF:5
LH:3
BRF:0
BRH:0
end_of_record
TN:
SF:lib/hive/Commands/GetPrimaryKeysCommand.ts
FN:8,(anonymous_1)
FNF:1
FNH:0
FNDA:0,(anonymous_1)
DA:1,1
DA:2,1
DA:7,1
DA:9,0
DA:11,0
LF:5
LH:3
BRF:0
BRH:0
end_of_record
TN:
SF:lib/hive/Commands/GetResultSetMetadataCommand.ts
FN:8,(anonymous_1)
FNF:1
FNH:0
FNDA:0,(anonymous_1)
DA:1,1
DA:2,1
DA:7,1
DA:9,0
DA:11,0
LF:5
LH:3
BRF:0
BRH:0
end_of_record
TN:
SF:lib/hive/Commands/GetSchemasCommand.ts
FN:8,(anonymous_1)
FNF:1
FNH:0
FNDA:0,(anonymous_1)
DA:1,1
DA:2,1
DA:7,1
DA:9,0
DA:11,0
LF:5
LH:3
BRF:0
BRH:0
end_of_record
TN:
SF:lib/hive/Commands/GetTableTypesCommand.ts
FN:8,(anonymous_1)
FNF:1
FNH:0
FNDA:0,(anonymous_1)
DA:1,1
DA:2,1
DA:7,1
DA:9,0
DA:11,0
LF:5
LH:3
BRF:0
BRH:0
end_of_record
TN:
SF:lib/hive/Commands/GetTablesCommand.ts
FN:8,(anonymous_1)
FNF:1
FNH:0
FNDA:0,(anonymous_1)
DA:1,1
DA:2,1
DA:7,1
DA:9,0
DA:11,0
LF:5
LH:3
BRF:0
BRH:0
end_of_record
TN:
SF:lib/hive/Commands/GetTypeInfoCommand.ts
FN:8,(anonymous_1)
FNF:1
FNH:0
FNDA:0,(anonymous_1)
DA:1,1
DA:2,1
DA:7,1
DA:9,0
DA:11,0
LF:5
LH:3
BRF:0
BRH:0
end_of_record
TN:
SF:lib/hive/Commands/OpenSessionCommand.ts
FN:17,(anonymous_1)
FNF:1
FNH:0
FNDA:0,(anonymous_1)
DA:1,1
DA:2,1
DA:16,1
DA:18,0
DA:20,0
LF:5
LH:3
BRF:0
BRH:0
end_of_record
TN:
SF:lib/hive/Commands/RenewDelegationTokenCommand.ts
FN:8,(anonymous_1)
FNF:1
FNH:0
FNDA:0,(anonymous_1)
DA:1,1
DA:2,1
DA:7,1
DA:9,0
DA:11,0
LF:5
LH:3
BRF:0
BRH:0
end_of_record
TN:
SF:lib/result/ArrowResultConverter.ts
FN:45,(anonymous_0)
FN:51,(anonymous_1)
FN:61,(anonymous_2)
FN:105,(anonymous_3)
FN:142,(anonymous_4)
FN:143,(anonymous_5)
FN:151,(anonymous_6)
FN:173,(anonymous_7)
FN:185,(anonymous_8)
FN:211,(anonymous_9)
FN:214,(anonymous_10)
FNF:11
FNH:0
FNDA:0,(anonymous_0)
FNDA:0,(anonymous_1)
FNDA:0,(anonymous_2)
FNDA:0,(anonymous_3)
FNDA:0,(anonymous_4)
FNDA:0,(anonymous_5)
FNDA:0,(anonymous_6)
FNDA:0,(anonymous_7)
FNDA:0,(anonymous_8)
FNDA:0,(anonymous_9)
FNDA:0,(anonymous_10)
DA:1,1
DA:2,1
DA:19,1
DA:21,1
DA:26,1
DA:36,0
DA:46,0
DA:47,0
DA:48,0
DA:52,0
DA:53,0
DA:55,0
DA:56,0
DA:58,0
DA:62,0
DA:63,0
DA:74,0
DA:76,0
DA:78,0
DA:79,0
DA:81,0
DA:82,0
DA:87,0
DA:88,0
DA:89,0
DA:93,0
DA:95,0
DA:98,0
DA:108,0
DA:111,0
DA:112,0
DA:113,0
DA:114,0
DA:117,0
DA:118,0
DA:119,0
DA:120,0
DA:121,0
DA:129,0
DA:130,0
DA:131,0
DA:135,0
DA:136,0
DA:143,0
DA:145,0
DA:147,0
DA:152,0
DA:153,0
DA:156,0
DA:157,0
DA:158,0
DA:162,0
DA:163,0
DA:164,0
DA:165,0
DA:166,0
DA:168,0
DA:170,0
DA:171,0
DA:173,0
DA:174,0
DA:175,0
DA:177,0
DA:181,0
DA:182,0
DA:184,0
DA:185,0
DA:188,0
DA:189,0
DA:194,0
DA:195,0
DA:196,0
DA:197,0
DA:199,0
DA:203,0
DA:204,0
DA:208,0
DA:212,0
DA:214,0
DA:215,0
DA:216,0
DA:217,0
DA:218,0
DA:221,0
LF:84
LH:5
BRDA:52,0,0,0
BRDA:52,0,1,0
BRDA:55,1,0,0
BRDA:55,1,1,0
BRDA:62,2,0,0
BRDA:62,2,1,0
BRDA:76,3,0,0
BRDA:76,3,1,0
BRDA:88,4,0,0
BRDA:88,4,1,0
BRDA:111,5,0,0
BRDA:111,5,1,0
BRDA:113,6,0,0
BRDA:113,6,1,0
BRDA:118,7,0,0
BRDA:118,7,1,0
BRDA:118,8,0,0
BRDA:118,8,1,0
BRDA:129,9,0,0
BRDA:129,9,1,0
BRDA:129,10,0,0
BRDA:129,10,1,0
BRDA:129,11,0,0
BRDA:129,11,1,0
BRDA:129,12,0,0
BRDA:129,12,1,0
BRDA:130,13,0,0
BRDA:130,13,1,0
BRDA:130,14,0,0
BRDA:130,14,1,0
BRDA:135,15,0,0
BRDA:135,15,1,0
BRDA:151,16,0,0
BRDA:152,17,0,0
BRDA:152,17,1,0
BRDA:162,18,0,0
BRDA:162,18,1,0
BRDA:166,19,0,0
BRDA:166,19,1,0
BRDA:166,20,0,0
BRDA:166,20,1,0
BRDA:166,21,0,0
BRDA:166,21,1,0
BRDA:166,22,0,0
BRDA:166,22,1,0
BRDA:166,23,0,0
BRDA:166,23,1,0
BRDA:170,24,0,0
BRDA:170,24,1,0
BRDA:173,25,0,0
BRDA:173,25,1,0
BRDA:173,26,0,0
BRDA:173,26,1,0
BRDA:175,27,0,0
BRDA:175,27,1,0
BRDA:175,28,0,0
BRDA:175,28,1,0
BRDA:175,29,0,0
BRDA:175,29,1,0
BRDA:175,30,0,0
BRDA:175,30,1,0
BRDA:175,31,0,0
BRDA:175,31,1,0
BRDA:181,32,0,0
BRDA:181,32,1,0
BRDA:185,33,0,0
BRDA:185,33,1,0
BRDA:185,34,0,0
BRDA:185,34,1,0
BRDA:185,35,0,0
BRDA:185,35,1,0
BRDA:185,36,0,0
BRDA:185,36,1,0
BRDA:185,37,0,0
BRDA:185,37,1,0
BRDA:188,38,0,0
BRDA:188,38,1,0
BRDA:194,39,0,0
BRDA:194,39,1,0
BRDA:194,40,0,0
BRDA:194,40,1,0
BRDA:196,41,0,0
BRDA:196,41,1,0
BRDA:203,42,0,0
BRDA:203,42,1,0
BRDA:208,43,0,0
BRDA:208,43,1,0
BRDA:215,44,0,0
BRDA:215,44,1,0
BRDA:215,45,0,0
BRDA:215,45,1,0
BRDA:218,46,0,0
BRDA:218,46,1,0
BRF:93
BRH:0
end_of_record
TN:
SF:lib/result/ArrowResultHandler.ts
FN:17,(anonymous_1)
FN:34,(anonymous_2)
FN:41,(anonymous_3)
FN:53,(anonymous_4)
FNF:4
FNH:0
FNDA:0,(anonymous_1)
FNDA:0,(anonymous_2)
FNDA:0,(anonymous_3)
FNDA:0,(anonymous_4)
DA:2,1
DA:5,1
DA:6,1
DA:8,1
DA:22,0
DA:23,0
DA:26,0
DA:27,0
DA:29,0
DA:30,0
DA:35,0
DA:36,0
DA:38,0
DA:42,0
DA:43,0
DA:49,0
DA:51,0
DA:52,0
DA:53,0
DA:54,0
DA:55,0
DA:56,0
DA:60,0
DA:61,0
DA:67,0
LF:25
LH:4
BRDA:26,0,0,0
BRDA:26,0,1,0
BRDA:26,1,0,0
BRDA:26,1,1,0
BRDA:27,2,0,0
BRDA:27,2,1,0
BRDA:27,3,0,0
BRDA:27,3,1,0
BRDA:29,4,0,0
BRDA:29,4,1,0
BRDA:29,5,0,0
BRDA:29,5,1,0
BRDA:35,6,0,0
BRDA:35,6,1,0
BRDA:42,7,0,0
BRDA:42,7,1,0
BRDA:53,8,0,0
BRDA:53,8,1,0
BRDA:53,9,0,0
BRDA:53,9,1,0
BRDA:53,10,0,0
BRDA:53,10,1,0
BRDA:53,11,0,0
BRDA:53,11,1,0
BRDA:54,12,0,0
BRDA:54,12,1,0
BRDA:55,13,0,0
BRDA:55,13,1,0
BRDA:60,14,0,0
BRDA:60,14,1,0
BRF:30
BRH:0
end_of_record
TN:
SF:lib/result/CloudFetchResultHandler.ts
FN:21,(anonymous_7)
FN:35,(anonymous_8)
FN:42,(anonymous_9)
FN:45,(anonymous_10)
FN:54,(anonymous_11)
FN:67,(anonymous_12)
FN:72,(anonymous_13)
FN:93,(anonymous_14)
FN:115,(anonymous_15)
FN:121,(anonymous_16)
FN:123,(anonymous_17)
FNF:11
FNH:0
FNDA:0,(anonymous_7)
FNDA:0,(anonymous_8)
FNDA:0,(anonymous_9)
FNDA:0,(anonymous_10)
FNDA:0,(anonymous_11)
FNDA:0,(anonymous_12)
FNDA:0,(anonymous_13)
FNDA:0,(anonymous_14)
FNDA:0,(anonymous_15)
FNDA:0,(anonymous_16)
FNDA:0,(anonymous_17)
DA:1,1
DA:3,1
DA:7,1
DA:8,1
DA:10,1
DA:17,0
DA:19,0
DA:26,0
DA:27,0
DA:28,0
DA:30,0
DA:31,0
DA:36,0
DA:37,0
DA:39,0
DA:43,0
DA:45,0
DA:46,0
DA:49,0
DA:50,0
DA:52,0
DA:53,0
DA:54,0
DA:55,0
DA:58,0
DA:59,0
DA:60,0
DA:66,0
DA:67,0
DA:69,0
DA:73,0
DA:74,0
DA:76,0
DA:80,0
DA:81,0
DA:82,0
DA:94,0
DA:95,0
DA:98,0
DA:99,0
DA:100,0
DA:101,0
DA:104,0
DA:105,0
DA:107,0
DA:109,0
DA:116,0
DA:117,0
DA:118,0
DA:120,0
DA:121,0
DA:122,0
DA:123,0
DA:125,0
LF:54
LH:5
BRDA:28,0,0,0
BRDA:28,0,1,0
BRDA:28,1,0,0
BRDA:28,1,1,0
BRDA:30,2,0,0
BRDA:30,2,1,0
BRDA:30,3,0,0
BRDA:30,3,1,0
BRDA:36,4,0,0
BRDA:36,4,1,0
BRDA:36,5,0,0
BRDA:36,5,1,0
BRDA:45,6,0,0
BRDA:45,6,1,0
BRDA:45,7,0,0
BRDA:45,7,1,0
BRDA:45,8,0,0
BRDA:45,8,1,0
BRDA:45,9,0,0
BRDA:45,9,1,0
BRDA:52,10,0,0
BRDA:52,10,1,0
BRDA:59,11,0,0
BRDA:59,11,1,0
BRDA:66,12,0,0
BRDA:66,12,1,0
BRDA:81,13,0,0
BRDA:81,13,1,0
BRDA:94,14,0,0
BRDA:94,14,1,0
BRDA:100,15,0,0
BRDA:100,15,1,0
BRF:32
BRH:0
end_of_record
TN:
SF:lib/result/JsonResultHandler.ts
FN:13,(anonymous_0)
FN:23,(anonymous_1)
FN:27,(anonymous_2)
FN:41,(anonymous_3)
FN:43,(anonymous_4)
FN:44,(anonymous_5)
FN:59,(anonymous_6)
FN:67,(anonymous_7)
FN:75,(anonymous_8)
FNF:9
FNH:0
FNDA:0,(anonymous_0)
FNDA:0,(anonymous_1)
FNDA:0,(anonymous_2)
FNDA:0,(anonymous_3)
FNDA:0,(anonymous_4)
FNDA:0,(anonymous_5)
FNDA:0,(anonymous_6)
FNDA:0,(anonymous_7)
FNDA:0,(anonymous_8)
DA:4,1
DA:6,1
DA:18,0
DA:19,0
DA:20,0
DA:24,0
DA:28,0
DA:29,0
DA:32,0
DA:33,0
DA:34,0
DA:37,0
DA:38,0
DA:42,0
DA:44,0
DA:45,0
DA:46,0
DA:49,0
DA:51,0
DA:53,0
DA:60,0
DA:61,0
DA:63,0
DA:64,0
DA:67,0
DA:68,0
DA:69,0
DA:71,0
DA:76,0
DA:77,0
DA:79,0
LF:31
LH:2
BRDA:28,0,0,0
BRDA:28,0,1,0
BRDA:33,1,0,0
BRDA:33,1,1,0
BRDA:37,2,0,0
BRDA:37,2,1,0
BRDA:45,3,0,0
BRDA:45,3,1,0
BRDA:60,4,0,0
BRDA:60,4,1,0
BRDA:60,5,0,0
BRDA:60,5,1,0
BRDA:63,6,0,0
BRDA:63,6,1,0
BRDA:68,7,0,0
BRDA:68,7,1,0
BRDA:68,8,0,0
BRDA:68,8,1,0
BRF:18
BRH:0
end_of_record
TN:
SF:lib/result/ResultSlicer.ts
FN:17,(anonymous_0)
FN:22,(anonymous_1)
FN:29,(anonymous_2)
FNF:3
FNH:0
FNDA:0,(anonymous_0)
FNDA:0,(anonymous_1)
FNDA:0,(anonymous_2)
DA:10,1
DA:15,0
DA:18,0
DA:19,0
DA:23,0
DA:24,0
DA:26,0
DA:32,0
DA:33,0
DA:34,0
DA:35,0
DA:36,0
DA:39,0
DA:42,0
DA:43,0
DA:46,0
DA:47,0
DA:48,0
DA:49,0
DA:53,0
DA:55,0
DA:56,0
DA:57,0
DA:61,0
DA:62,0
DA:63,0
DA:67,0
DA:68,0
DA:69,0
DA:70,0
DA:71,0
DA:74,0
LF:32
LH:1
BRDA:23,0,0,0
BRDA:23,0,1,0
BRDA:32,1,0,0
BRDA:32,1,1,0
BRDA:33,2,0,0
BRDA:33,2,1,0
BRDA:46,3,0,0
BRDA:46,3,1,0
BRDA:56,4,0,0
BRDA:56,4,1,0
BRDA:67,5,0,0
BRDA:67,5,1,0
BRDA:68,6,0,0
BRDA:68,6,1,0
BRDA:68,7,0,0
BRDA:68,7,1,0
BRF:16
BRH:0
end_of_record
TN:
SF:lib/result/RowSetProvider.ts
FN:8,(anonymous_1)
FN:13,checkIfOperationHasMoreRows
FN:37,(anonymous_3)
FN:46,(anonymous_4)
FN:54,(anonymous_5)
FN:62,(anonymous_6)
FN:69,(anonymous_7)
FN:96,(anonymous_8)
FNF:8
FNH:1
FNDA:1,(anonymous_1)
FNDA:0,checkIfOperationHasMoreRows
FNDA:0,(anonymous_3)
FNDA:0,(anonymous_4)
FNDA:0,(anonymous_5)
FNDA:0,(anonymous_6)
FNDA:0,(anonymous_7)
FNDA:0,(anonymous_8)
DA:1,1
DA:2,1
DA:3,1
DA:6,1
DA:8,1
DA:9,1
DA:10,1
DA:14,0
DA:15,0
DA:18,0
DA:20,0
DA:21,0
DA:24,1
DA:29,0
DA:31,0
DA:35,0
DA:43,0
DA:52,0
DA:53,0
DA:54,0
DA:55,0
DA:56,0
DA:59,0
DA:63,0
DA:64,0
DA:65,0
DA:66,0
DA:70,0
DA:71,0
DA:72,0
DA:76,0
DA:77,0
DA:81,0
DA:82,0
DA:85,0
DA:86,0
DA:93,0
DA:99,0
DA:100,0
DA:103,0
DA:104,0
DA:107,0
LF:42
LH:8
BRDA:8,0,0,1
BRDA:8,0,1,1
BRDA:14,1,0,0
BRDA:14,1,1,0
BRDA:18,2,0,0
BRDA:18,2,1,0
BRDA:18,3,0,0
BRDA:18,3,1,0
BRDA:18,4,0,0
BRDA:18,4,1,0
BRDA:21,5,0,0
BRDA:21,5,1,0
BRDA:21,6,0,0
BRDA:21,6,1,0
BRDA:21,7,0,0
BRDA:21,7,1,0
BRDA:21,8,0,0
BRDA:21,8,1,0
BRDA:21,9,0,0
BRDA:21,9,1,0
BRDA:21,10,0,0
BRDA:21,10,1,0
BRDA:43,11,0,0
BRDA:43,11,1,0
BRDA:43,12,0,0
BRDA:43,12,1,0
BRDA:55,13,0,0
BRDA:55,13,1,0
BRDA:71,14,0,0
BRDA:71,14,1,0
BRDA:76,15,0,0
BRDA:76,15,1,0
BRDA:81,16,0,0
BRDA:81,16,1,0
BRDA:99,17,0,0
BRDA:99,17,1,0
BRDA:103,18,0,0
BRDA:103,18,1,0
BRF:38
BRH:2
end_of_record
TN:
SF:lib/result/utils.ts
FN:27,getSchemaColumns
FN:32,(anonymous_2)
FN:35,isString
FN:39,convertJSON
FN:51,convertBigInt
FN:61,convertThriftValue
FN:126,hiveSchemaToArrowSchema
FN:133,(anonymous_8)
FN:149,getColumnValue
FNF:9
FNH:0
FNDA:0,getSchemaColumns
FNDA:0,(anonymous_2)
FNDA:0,isString
FNDA:0,convertJSON
FNDA:0,convertBigInt
FNDA:0,convertThriftValue
FNDA:0,hiveSchemaToArrowSchema
FNDA:0,(anonymous_8)
FNDA:0,getColumnValue
DA:1,1
DA:2,1
DA:19,1
DA:20,1
DA:27,1
DA:28,0
DA:29,0
DA:32,0
DA:36,0
DA:40,0
DA:41,0
DA:44,0
DA:45,0
DA:47,0
DA:52,0
DA:53,0
DA:55,0
DA:56,0
DA:58,0
DA:61,1
DA:62,0
DA:63,0
DA:66,0
DA:69,0
DA:72,0
DA:74,0
DA:77,0
DA:79,0
DA:81,0
DA:96,0
DA:101,1
DA:126,1
DA:127,0
DA:128,0
DA:131,0
DA:133,0
DA:134,0
DA:135,0
DA:136,0
DA:137,0
DA:139,0
DA:142,0
DA:143,0
DA:144,0
DA:145,0
DA:146,0
DA:149,1
DA:150,0
DA:151,0
DA:153,0
LF:50
LH:9
BRDA:28,0,0,0
BRDA:28,0,1,0
BRDA:36,1,0,0
BRDA:36,1,1,0
BRDA:40,2,0,0
BRDA:40,2,1,0
BRDA:52,3,0,0
BRDA:52,3,1,0
BRDA:55,4,0,0
BRDA:55,4,1,0
BRDA:62,5,0,0
BRDA:62,5,1,0
BRDA:66,6,0,0
BRDA:66,6,1,0
BRDA:66,6,2,0
BRDA:66,6,3,0
BRDA:66,6,4,0
BRDA:66,6,5,0
BRDA:66,6,6,0
BRDA:66,6,7,0
BRDA:66,6,8,0
BRDA:66,6,9,0
BRDA:66,6,10,0
BRDA:66,6,11,0
BRDA:66,6,12,0
BRDA:66,6,13,0
BRDA:66,6,14,0
BRDA:66,6,15,0
BRDA:66,6,16,0
BRDA:66,6,17,0
BRDA:66,6,18,0
BRDA:66,6,19,0
BRDA:66,6,20,0
BRDA:66,6,21,0
BRDA:66,6,22,0
BRDA:127,7,0,0
BRDA:127,7,1,0
BRDA:134,8,0,0
BRDA:134,8,1,0
BRDA:134,9,0,0
BRDA:134,9,1,0
BRDA:134,10,0,0
BRDA:134,10,1,0
BRDA:134,11,0,0
BRDA:134,11,1,0
BRDA:135,12,0,0
BRDA:135,12,1,0
BRDA:136,13,0,0
BRDA:136,13,1,0
BRDA:137,14,0,0
BRDA:137,14,1,0
BRDA:150,15,0,0
BRDA:150,15,1,0
BRDA:154,16,0,0
BRDA:154,16,1,0
BRDA:154,17,0,0
BRDA:154,17,1,0
BRDA:154,18,0,0
BRDA:154,18,1,0
BRDA:154,19,0,0
BRDA:154,19,1,0
BRDA:154,20,0,0
BRDA:154,20,1,0
BRDA:154,21,0,0
BRDA:154,21,1,0
BRDA:154,22,0,0
BRDA:154,22,1,0
BRDA:154,23,0,0
BRDA:154,23,1,0
BRDA:154,24,0,0
BRDA:154,24,1,0
BRDA:154,25,0,0
BRDA:154,25,1,0
BRDA:154,26,0,0
BRDA:154,26,1,0
BRDA:154,27,0,0
BRDA:154,27,1,0
BRDA:154,28,0,0
BRDA:154,28,1,0
BRDA:154,29,0,0
BRDA:154,29,1,0
BRF:81
BRH:0
end_of_record
TN:
SF:lib/telemetry/CircuitBreaker.ts
FN:23,(anonymous_0)
FN:73,(anonymous_1)
FN:87,(anonymous_2)
FN:114,(anonymous_3)
FN:121,(anonymous_4)
FN:128,(anonymous_5)
FN:135,(anonymous_6)
FN:161,(anonymous_7)
FN:187,(anonymous_8)
FN:198,(anonymous_9)
FN:213,(anonymous_10)
FN:223,(anonymous_11)
FN:233,(anonymous_12)
FNF:13
FNH:13
FNDA:1,(anonymous_0)
FNDA:50,(anonymous_1)
FNDA:110,(anonymous_2)
FNDA:27,(anonymous_3)
FNDA:9,(anonymous_4)
FNDA:5,(anonymous_5)
FNDA:20,(anonymous_6)
FNDA:85,(anonymous_7)
FNDA:27,(anonymous_8)
FNDA:34,(anonymous_9)
FNDA:6,(anonymous_10)
FNDA:3,(anonymous_11)
FNDA:1,(anonymous_12)
DA:18,1
DA:23,1
DA:25,1
DA:27,1
DA:29,1
DA:47,1
DA:62,1
DA:63,50
DA:65,50
DA:67,50
DA:73,50
DA:74,50
DA:88,110
DA:91,110
DA:92,13
DA:93,5
DA:96,8
DA:97,8
DA:98,8
DA:101,105
DA:102,105
DA:103,20
DA:104,20
DA:106,85
DA:107,85
DA:115,27
DA:122,9
DA:129,5
DA:136,20
DA:139,20
DA:141,20
DA:142,11
DA:143,11
DA:148,11
DA:150,3
DA:151,3
DA:152,3
DA:153,3
DA:162,85
DA:164,85
DA:165,85
DA:167,85
DA:171,85
DA:172,18
DA:173,18
DA:174,18
DA:184,1
DA:187,27
DA:188,27
DA:199,34
DA:200,34
DA:201,31
DA:202,31
DA:203,31
DA:204,31
DA:206,34
DA:214,6
DA:224,3
DA:225,3
DA:226,3
DA:234,1
LF:61
LH:61
BRDA:23,0,0,1
BRDA:23,0,1,1
BRDA:91,1,0,13
BRDA:91,1,1,97
BRDA:92,2,0,5
BRDA:92,2,1,8
BRDA:92,3,0,13
BRDA:92,3,1,13
BRDA:141,4,0,11
BRDA:141,4,1,9
BRDA:148,5,0,3
BRDA:148,5,1,8
BRDA:171,6,0,18
BRDA:171,6,1,67
BRDA:171,7,0,85
BRDA:171,7,1,83
BRDA:200,8,0,31
BRDA:200,8,1,3
BRF:18
BRH:18
end_of_record
TN:
SF:lib/telemetry/DatabricksTelemetryExporter.ts
FN:105,(anonymous_1)
FN:123,(anonymous_2)
FN:131,(anonymous_3)
FN:148,(anonymous_4)
FN:205,(anonymous_5)
FN:216,(anonymous_6)
FN:217,(anonymous_7)
FN:263,(anonymous_8)
FN:324,(anonymous_9)
FN:334,(anonymous_10)
FN:335,(anonymous_11)
FN:345,(anonymous_12)
FN:357,(anonymous_13)
FN:358,(anonymous_14)
FNF:14
FNH:14
FNDA:14,(anonymous_1)
FNDA:16,(anonymous_2)
FNDA:13,(anonymous_3)
FNDA:13,(anonymous_4)
FNDA:17,(anonymous_5)
FNDA:18,(anonymous_6)
FNDA:18,(anonymous_7)
FNDA:18,(anonymous_8)
FNDA:17,(anonymous_9)
FNDA:18,(anonymous_10)
FNDA:558,(anonymous_11)
FNDA:14,(anonymous_12)
FNDA:4,(anonymous_13)
FNDA:4,(anonymous_14)
DA:17,1
DA:19,1
DA:20,1
DA:22,1
DA:98,1
DA:106,14
DA:107,14
DA:108,14
DA:111,14
DA:112,14
DA:115,14
DA:124,16
DA:125,1
DA:128,15
DA:130,15
DA:131,15
DA:132,13
DA:136,9
DA:137,2
DA:139,7
DA:149,13
DA:150,13
DA:151,13
DA:153,13
DA:156,13
DA:157,17
DA:158,17
DA:159,6
DA:161,11
DA:164,11
DA:165,2
DA:166,2
DA:170,9
DA:171,2
DA:172,2
DA:176,7
DA:177,3
DA:178,3
DA:182,4
DA:183,4
DA:184,4
DA:186,4
DA:191,4
DA:197,0
DA:198,0
DA:206,17
DA:207,17
DA:210,17
DA:211,17
DA:216,18
DA:217,18
DA:219,17
DA:225,17
DA:233,17
DA:236,17
DA:237,17
DA:240,17
DA:251,15
DA:252,9
DA:253,9
DA:254,9
DA:257,6
DA:264,18
DA:281,18
DA:283,0
DA:296,18
DA:297,0
DA:299,0
DA:300,0
DA:304,0
DA:305,0
DA:311,18
DA:312,0
DA:318,18
DA:325,17
DA:326,1
DA:328,16
DA:335,18
DA:336,558
DA:337,558
DA:338,558
DA:346,14
DA:348,14
DA:350,0
DA:358,4
DA:359,4
LF:86
LH:76
BRDA:112,0,0,14
BRDA:112,0,1,0
BRDA:124,1,0,1
BRDA:124,1,1,15
BRDA:124,2,0,16
BRDA:124,2,1,16
BRDA:136,3,0,2
BRDA:136,3,1,7
BRDA:151,4,0,6
BRDA:151,4,1,7
BRDA:151,5,0,13
BRDA:151,5,1,13
BRDA:164,6,0,2
BRDA:164,6,1,9
BRDA:170,7,0,2
BRDA:170,7,1,7
BRDA:176,8,0,3
BRDA:176,8,1,4
BRDA:197,9,0,0
BRDA:197,9,1,0
BRDA:210,10,0,3
BRDA:210,10,1,14
BRDA:210,11,0,17
BRDA:210,11,1,17
BRDA:211,12,0,16
BRDA:211,12,1,1
BRDA:228,13,0,16
BRDA:228,13,1,1
BRDA:233,14,0,16
BRDA:233,14,1,1
BRDA:251,15,0,9
BRDA:251,15,1,6
BRDA:281,16,0,0
BRDA:281,16,1,18
BRDA:281,17,0,18
BRDA:281,17,1,18
BRDA:296,18,0,0
BRDA:296,18,1,18
BRDA:299,19,0,0
BRDA:299,19,1,0
BRDA:299,20,0,0
BRDA:299,20,1,0
BRDA:304,21,0,0
BRDA:304,21,1,0
BRDA:304,22,0,0
BRDA:304,22,1,0
BRDA:311,23,0,0
BRDA:311,23,1,18
BRDA:313,24,0,0
BRDA:313,24,1,0
BRDA:314,25,0,0
BRDA:314,25,1,0
BRDA:325,26,0,1
BRDA:325,26,1,16
BRDA:325,27,0,17
BRDA:325,27,1,17
BRDA:337,28,0,540
BRDA:337,28,1,18
BRF:58
BRH:40
end_of_record
TN:
SF:lib/telemetry/ExceptionClassifier.ts
FN:41,(anonymous_1)
FN:73,(anonymous_2)
FNF:2
FNH:2
FNDA:11,(anonymous_1)
FNDA:9,(anonymous_2)
DA:17,1
DA:18,1
DA:30,1
DA:43,11
DA:44,0
DA:49,11
DA:51,11
DA:57,9
DA:61,2
DA:75,9
DA:76,0
DA:80,9
DA:81,0
DA:86,9
DA:88,9
DA:95,7
DA:99,2
LF:17
LH:14
BRDA:43,0,0,0
BRDA:43,0,1,11
BRDA:49,1,0,9
BRDA:49,1,1,2
BRDA:49,2,0,11
BRDA:49,2,1,11
BRDA:51,3,0,9
BRDA:51,3,1,2
BRDA:57,4,0,9
BRDA:57,4,1,8
BRDA:57,4,2,7
BRDA:57,4,3,7
BRDA:75,5,0,0
BRDA:75,5,1,9
BRDA:80,6,0,0
BRDA:80,6,1,9
BRDA:80,7,0,9
BRDA:80,7,1,9
BRDA:86,8,0,7
BRDA:86,8,1,2
BRDA:86,9,0,9
BRDA:86,9,1,9
BRDA:88,10,0,7
BRDA:88,10,1,2
BRDA:95,11,0,7
BRDA:95,11,1,7
BRDA:95,11,2,7
BRDA:95,11,3,7
BRDA:95,11,4,0
BRF:29
BRH:25
end_of_record
TN:
SF:lib/telemetry/FeatureFlagCache.ts
FN:44,(anonymous_1)
FN:52,(anonymous_2)
FN:69,(anonymous_3)
FN:83,(anonymous_4)
FN:114,(anonymous_5)
FN:162,(anonymous_6)
FN:186,(anonymous_7)
FN:197,(anonymous_8)
FNF:8
FNH:0
FNDA:0,(anonymous_1)
FNDA:0,(anonymous_2)
FNDA:0,(anonymous_3)
FNDA:0,(anonymous_4)
FNDA:0,(anonymous_5)
FNDA:0,(anonymous_6)
FNDA:0,(anonymous_7)
FNDA:0,(anonymous_8)
DA:17,0
DA:19,0
DA:20,0
DA:37,0
DA:40,0
DA:42,0
DA:44,0
DA:45,0
DA:53,0
DA:54,0
DA:55,0
DA:59,0
DA:61,0
DA:62,0
DA:70,0
DA:71,0
DA:72,0
DA:73,0
DA:74,0
DA:84,0
DA:85,0
DA:87,0
DA:88,0
DA:91,0
DA:93,0
DA:94,0
DA:96,0
DA:97,0
DA:100,0
DA:104,0
DA:115,0
DA:117,0
DA:119,0
DA:122,0
DA:125,0
DA:127,0
DA:130,0
DA:131,0
DA:134,0
DA:144,0
DA:145,0
DA:146,0
DA:150,0
DA:153,0
DA:155,0
DA:156,0
DA:157,0
DA:158,0
DA:162,0
DA:164,0
DA:166,0
DA:167,0
DA:168,0
DA:169,0
DA:174,0
DA:175,0
DA:178,0
DA:179,0
DA:187,0
DA:188,0
DA:190,0
DA:199,0
LF:62
LH:0
BRDA:54,0,0,0
BRDA:54,0,1,0
BRDA:71,1,0,0
BRDA:71,1,1,0
BRDA:73,2,0,0
BRDA:73,2,1,0
BRDA:87,3,0,0
BRDA:87,3,1,0
BRDA:91,4,0,0
BRDA:91,4,1,0
BRDA:93,5,0,0
BRDA:93,5,1,0
BRDA:104,6,0,0
BRDA:104,6,1,0
BRDA:104,7,0,0
BRDA:104,7,1,0
BRDA:144,8,0,0
BRDA:144,8,1,0
BRDA:153,9,0,0
BRDA:153,9,1,0
BRDA:153,10,0,0
BRDA:153,10,1,0
BRDA:153,10,2,0
BRDA:156,11,0,0
BRDA:156,11,1,0
BRDA:156,12,0,0
BRDA:156,12,1,0
BRDA:164,13,0,0
BRDA:164,13,1,0
BRDA:187,14,0,0
BRDA:187,14,1,0
BRDA:187,15,0,0
BRDA:187,15,1,0
BRF:33
BRH:0
end_of_record
TN:
SF:lib/telemetry/MetricsAggregator.ts
FN:69,(anonymous_1)
FN:95,(anonymous_2)
FN:124,(anonymous_3)
FN:139,(anonymous_4)
FN:184,(anonymous_5)
FN:218,(anonymous_6)
FN:242,(anonymous_7)
FN:294,(anonymous_8)
FN:316,(anonymous_9)
FN:346,(anonymous_10)
FN:354,(anonymous_11)
FN:370,(anonymous_12)
FNF:12
FNH:12
FNDA:14,(anonymous_1)
FNDA:21,(anonymous_2)
FNDA:12,(anonymous_3)
FNDA:2,(anonymous_4)
FNDA:6,(anonymous_5)
FNDA:7,(anonymous_6)
FNDA:5,(anonymous_7)
FNDA:18,(anonymous_8)
FNDA:12,(anonymous_9)
FNDA:21,(anonymous_10)
FNDA:2,(anonymous_11)
FNDA:3,(anonymous_12)
DA:18,1
DA:19,1
DA:21,1
DA:56,1
DA:57,14
DA:59,14
DA:61,14
DA:69,14
DA:70,14
DA:71,14
DA:72,14
DA:73,14
DA:74,14
DA:77,14
DA:80,0
DA:81,0
DA:84,0
DA:85,0
DA:86,0
DA:96,21
DA:98,21
DA:100,21
DA:101,12
DA:102,12
DA:106,9
DA:107,2
DA:108,2
DA:112,7
DA:113,6
DA:117,0
DA:125,12
DA:133,12
DA:140,2
DA:143,2
DA:144,2
DA:147,2
DA:149,2
DA:151,1
DA:154,1
DA:155,0
DA:156,0
DA:157,0
DA:160,1
DA:169,1
DA:173,1
DA:174,1
DA:176,1
DA:177,1
DA:185,6
DA:187,6
DA:189,3
DA:190,3
DA:191,3
DA:194,1
DA:195,1
DA:196,1
DA:197,1
DA:198,1
DA:199,1
DA:202,2
DA:203,2
DA:204,2
DA:205,2
DA:207,2
DA:211,0
DA:219,7
DA:221,7
DA:222,4
DA:234,7
DA:243,5
DA:245,5
DA:246,5
DA:247,5
DA:248,1
DA:252,4
DA:265,4
DA:268,4
DA:269,1
DA:278,1
DA:282,4
DA:285,0
DA:295,18
DA:298,18
DA:299,2
DA:300,2
DA:301,2
DA:302,2
DA:306,18
DA:307,1
DA:317,12
DA:319,12
DA:320,12
DA:321,2
DA:324,10
DA:325,10
DA:327,10
DA:330,10
DA:334,10
DA:335,7
DA:339,0
DA:347,21
DA:349,21
DA:350,21
DA:351,7
DA:354,21
DA:356,2
DA:360,21
DA:363,0
DA:371,3
DA:373,3
DA:375,3
DA:376,3
DA:377,3
DA:381,3
DA:382,1
DA:386,3
DA:389,0
LF:117
LH:103
BRDA:72,0,0,2
BRDA:72,0,1,12
BRDA:72,1,0,14
BRDA:72,1,1,14
BRDA:73,2,0,3
BRDA:73,2,1,11
BRDA:73,3,0,14
BRDA:73,3,1,14
BRDA:74,4,0,1
BRDA:74,4,1,13
BRDA:74,5,0,14
BRDA:74,5,1,14
BRDA:100,6,0,12
BRDA:100,6,1,9
BRDA:106,7,0,2
BRDA:106,7,1,7
BRDA:112,8,0,6
BRDA:112,8,1,1
BRDA:143,9,0,2
BRDA:143,9,1,0
BRDA:144,10,0,2
BRDA:144,10,1,0
BRDA:147,11,0,2
BRDA:147,11,1,0
BRDA:147,12,0,2
BRDA:147,12,1,2
BRDA:149,13,0,1
BRDA:149,13,1,1
BRDA:154,14,0,0
BRDA:154,14,1,1
BRDA:154,15,0,1
BRDA:154,15,1,0
BRDA:174,16,0,1
BRDA:174,16,1,0
BRDA:187,17,0,3
BRDA:187,17,1,1
BRDA:187,17,2,2
BRDA:187,17,3,0
BRDA:196,18,0,0
BRDA:196,18,1,1
BRDA:196,19,0,1
BRDA:196,19,1,1
BRDA:197,20,0,0
BRDA:197,20,1,1
BRDA:197,21,0,1
BRDA:197,21,1,1
BRDA:198,22,0,0
BRDA:198,22,1,1
BRDA:198,23,0,1
BRDA:198,23,1,1
BRDA:203,24,0,2
BRDA:203,24,1,0
BRDA:203,25,0,2
BRDA:203,25,1,2
BRDA:204,26,0,2
BRDA:204,26,1,0
BRDA:221,27,0,4
BRDA:221,27,1,3
BRDA:247,28,0,1
BRDA:247,28,1,4
BRDA:298,29,0,2
BRDA:298,29,1,16
BRDA:306,30,0,1
BRDA:306,30,1,17
BRDA:316,31,0,7
BRDA:320,32,0,2
BRDA:320,32,1,10
BRDA:334,33,0,7
BRDA:334,33,1,3
BRDA:350,34,0,7
BRDA:350,34,1,14
BRDA:375,35,0,3
BRDA:375,35,1,0
BRF:73
BRH:60
end_of_record
TN:
SF:lib/telemetry/TelemetryEventEmitter.ts
FN:35,(anonymous_0)
FN:48,(anonymous_1)
FN:72,(anonymous_2)
FN:96,(anonymous_3)
FN:132,(anonymous_4)
FN:164,(anonymous_5)
FNF:6
FNH:6
FNDA:11,(anonymous_0)
FNDA:4,(anonymous_1)
FNDA:2,(anonymous_2)
FNDA:1,(anonymous_3)
FNDA:1,(anonymous_4)
FNDA:3,(anonymous_5)
DA:17,1
DA:19,1
DA:20,1
DA:32,1
DA:35,11
DA:36,11
DA:39,11
DA:40,11
DA:49,4
DA:51,3
DA:52,3
DA:53,3
DA:60,3
DA:63,2
DA:73,2
DA:75,1
DA:76,1
DA:77,1
DA:84,1
DA:87,0
DA:105,1
DA:107,1
DA:108,1
DA:109,1
DA:120,1
DA:123,0
DA:139,1
DA:141,1
DA:142,1
DA:143,1
DA:152,1
DA:155,0
DA:171,3
DA:173,2
DA:174,2
DA:175,2
DA:184,2
DA:187,0
LF:38
LH:34
BRDA:40,0,0,11
BRDA:40,0,1,0
BRDA:40,1,0,11
BRDA:40,1,1,11
BRDA:49,2,0,1
BRDA:49,2,1,3
BRDA:73,3,0,1
BRDA:73,3,1,1
BRDA:105,4,0,0
BRDA:105,4,1,1
BRDA:139,5,0,0
BRDA:139,5,1,1
BRDA:171,6,0,1
BRDA:171,6,1,2
BRF:14
BRH:11
end_of_record
TN:
SF:lib/telemetry/types.ts
FN:25,(anonymous_0)
FNF:1
FNH:1
FNDA:1,(anonymous_0)
DA:20,1
DA:25,1
DA:26,1
DA:27,1
DA:28,1
DA:29,1
DA:30,1
DA:65,1
LF:8
LH:8
BRDA:25,0,0,1
BRDA:25,0,1,1
BRF:2
BRH:2
end_of_record
TN:
SF:lib/utils/CloseableCollection.ts
FN:7,(anonymous_0)
FN:10,(anonymous_1)
FN:11,(anonymous_2)
FN:17,(anonymous_3)
FN:24,(anonymous_4)
FNF:5
FNH:0
FNDA:0,(anonymous_0)
FNDA:0,(anonymous_1)
FNDA:0,(anonymous_2)
FNDA:0,(anonymous_3)
FNDA:0,(anonymous_4)
DA:7,1
DA:8,0
DA:11,0
DA:12,0
DA:14,0
DA:18,0
DA:19,0
DA:21,0
DA:25,0
DA:26,0
DA:27,0
DA:28,0
DA:29,0
LF:13
LH:1
BRDA:18,0,0,0
BRDA:18,0,1,0
BRF:2
BRH:0
end_of_record
TN:
SF:lib/utils/OperationIterator.ts
FN:8,(anonymous_0)
FN:15,(anonymous_1)
FN:19,(anonymous_2)
FN:31,(anonymous_3)
FN:41,(anonymous_4)
FN:57,(anonymous_5)
FN:66,(anonymous_6)
FNF:7
FNH:0
FNDA:0,(anonymous_0)
FNDA:0,(anonymous_1)
FNDA:0,(anonymous_2)
FNDA:0,(anonymous_3)
FNDA:0,(anonymous_4)
FNDA:0,(anonymous_5)
FNDA:0,(anonymous_6)
DA:9,0
DA:10,0
DA:16,0
DA:20,0
DA:22,0
DA:23,0
DA:26,0
DA:32,0
DA:33,0
DA:36,0
DA:40,1
DA:42,0
DA:43,0
DA:44,0
DA:45,0
DA:48,0
DA:52,1
DA:53,0
DA:55,0
DA:58,0
DA:67,0
DA:68,0
DA:69,0
DA:70,0
DA:73,0
DA:74,0
DA:75,0
DA:76,0
DA:80,0
DA:83,0
LF:30
LH:2
BRDA:22,0,0,0
BRDA:22,0,1,0
BRDA:22,1,0,0
BRDA:22,1,1,0
BRDA:22,2,0,0
BRDA:22,2,1,0
BRDA:22,3,0,0
BRDA:22,3,1,0
BRDA:32,4,0,0
BRDA:32,4,1,0
BRDA:32,5,0,0
BRDA:32,5,1,0
BRDA:32,6,0,0
BRDA:32,6,1,0
BRDA:43,7,0,0
BRDA:43,7,1,0
BRDA:67,8,0,0
BRDA:67,8,1,0
BRDA:74,9,0,0
BRDA:74,9,1,0
BRF:20
BRH:0
end_of_record
TN:
SF:lib/utils/buildUserAgentString.ts
FN:6,getNodeVersion
FN:10,getOperatingSystemVersion
FN:14,redactInternalToken
FN:24,buildUserAgentString
FNF:4
FNH:0
FNDA:0,getNodeVersion
FNDA:0,getOperatingSystemVersion
FNDA:0,redactInternalToken
FNDA:0,buildUserAgentString
DA:1,1
DA:2,1
DA:4,1
DA:7,0
DA:11,0
DA:15,0
DA:16,0
DA:17,0
DA:18,0
DA:21,0
DA:24,1
DA:25,0
DA:26,0
DA:29,0
DA:30,0
LF:15
LH:4
BRDA:17,0,0,0
BRDA:17,0,1,0
BRDA:25,1,0,0
BRDA:25,1,1,0
BRF:4
BRH:0
end_of_record
TN:
SF:lib/utils/definedOrError.ts
FN:1,definedOrError
FNF:1
FNH:0
FNDA:0,definedOrError
DA:1,1
DA:2,0
DA:3,0
DA:5,0
LF:4
LH:1
BRDA:2,0,0,0
BRDA:2,0,1,0
BRF:2
BRH:0
end_of_record
TN:
SF:lib/utils/formatProgress.ts
FN:8,(anonymous_0)
FN:12,(anonymous_1)
FN:13,(anonymous_2)
FN:16,(anonymous_3)
FN:19,(anonymous_4)
FN:25,formatProgress
FNF:6
FNH:0
FNDA:0,(anonymous_0)
FNDA:0,(anonymous_1)
FNDA:0,(anonymous_2)
FNDA:0,(anonymous_3)
FNDA:0,(anonymous_4)
FNDA:0,formatProgress
DA:3,1
DA:6,0
DA:9,0
DA:13,0
DA:17,0
DA:18,0
DA:19,0
DA:21,0
DA:25,1
DA:26,0
LF:10
LH:2
BRF:0
BRH:0
end_of_record
TN:
SF:lib/utils/index.ts
FN:7,(anonymous_7)
FNF:1
FNH:0
FNDA:0,(anonymous_7)
DA:1,1
DA:2,1
DA:3,1
DA:4,1
DA:5,1
DA:7,1
LF:6
LH:6
BRF:0
BRH:0
end_of_record
TN:
SF:lib/utils/lz4.ts
FN:5,tryLoadLZ4Module
FN:35,getResolvedModule
FNF:2
FNH:0
FNDA:0,tryLoadLZ4Module
FNDA:0,getResolvedModule
DA:6,0
DA:7,0
DA:9,0
DA:11,0
DA:12,0
DA:15,0
DA:16,0
DA:19,0
DA:21,0
DA:22,0
DA:27,0
DA:28,0
DA:36,0
DA:37,0
DA:39,0
DA:42,1
LF:16
LH:1
BRDA:9,0,0,0
BRDA:9,0,1,0
BRDA:9,1,0,0
BRDA:9,1,1,0
BRDA:15,2,0,0
BRDA:15,2,1,0
BRDA:19,3,0,0
BRDA:19,3,1,0
BRDA:36,4,0,0
BRDA:36,4,1,0
BRDA:37,5,0,0
BRDA:37,5,1,0
BRDA:37,6,0,0
BRDA:37,6,1,0
BRDA:39,7,0,0
BRDA:39,7,1,0
BRF:16
BRH:0
end_of_record
TN:
SF:lib/utils/protocolVersion.ts
FN:16,isFeatureSupported
FN:33,supportsParameterizedQueries
FN:43,supportsAsyncMetadataOperations
FN:53,supportsResultPersistenceMode
FN:63,supportsArrowCompression
FN:73,supportsArrowMetadata
FN:83,supportsMultipleCatalogs
FN:93,supportsCloudFetch
FNF:8
FNH:0
FNDA:0,isFeatureSupported
FNDA:0,supportsParameterizedQueries
FNDA:0,supportsAsyncMetadataOperations
FNDA:0,supportsResultPersistenceMode
FNDA:0,supportsArrowCompression
FNDA:0,supportsArrowMetadata
FNDA:0,supportsMultipleCatalogs
FNDA:0,supportsCloudFetch
DA:1,1
DA:16,1
DA:20,0
DA:21,0
DA:24,0
DA:33,1
DA:34,0
DA:43,1
DA:44,0
DA:53,1
DA:54,0
DA:63,1
DA:64,0
DA:73,1
DA:74,0
DA:83,1
DA:84,0
DA:93,1
DA:94,0
LF:19
LH:9
BRDA:20,0,0,0
BRDA:20,0,1,0
BRDA:20,1,0,0
BRDA:20,1,1,0
BRF:4
BRH:0
end_of_record
